<html>
<head>
<title>TestNG:  chrome</title>
<link href="../testng.css" rel="stylesheet" type="text/css" />
<link href="../my-testng.css" rel="stylesheet" type="text/css" />

<style type="text/css">
.log { display: none;} 
.stack-trace { display: none;} 
</style>
<script type="text/javascript">
<!--
function flip(e) {
  current = e.style.display;
  if (current == 'block') {
    e.style.display = 'none';
    return 0;
  }
  else {
    e.style.display = 'block';
    return 1;
  }
}

function toggleBox(szDivId, elem, msg1, msg2)
{
  var res = -1;  if (document.getElementById) {
    res = flip(document.getElementById(szDivId));
  }
  else if (document.all) {
    // this is the way old msie versions work
    res = flip(document.all[szDivId]);
  }
  if(elem) {
    if(res == 0) elem.innerHTML = msg1; else elem.innerHTML = msg2;
  }

}

function toggleAllBoxes() {
  if (document.getElementsByTagName) {
    d = document.getElementsByTagName('div');
    for (i = 0; i < d.length; i++) {
      if (d[i].className == 'log') {
        flip(d[i]);
      }
    }
  }
}

// -->
</script>

</head>
<body>
<h2 align='center'>chrome</h2><table border='1' align="center">
<tr>
<td>Tests passed/Failed/Skipped:</td><td>45/0/3</td>
</tr><tr>
<td>Started on:</td><td>Thu Jan 23 17:21:05 IST 2020</td>
</tr>
<tr><td>Total time:</td><td>2098 seconds (2098719 ms)</td>
</tr><tr>
<td>Included groups:</td><td></td>
</tr><tr>
<td>Excluded groups:</td><td></td>
</tr>
</table><p/>
<small><i>(Hover the method name to see the test class name)</i></small><p/>
<table width='100%' border='1' class='invocation-passed'>
<tr><td colspan='4' align='center'><b>PASSED TESTS</b></td></tr>
<tr><td><b>Test method</b></td>
<td width="30%"><b>Exception</b></td>
<td width="10%"><b>Time (seconds)</b></td>
<td><b>Instance</b></td>
</tr>
<tr>
<td title='AutomationFramework.MyProfile.Loginuser()'><b>Loginuser</b><br>Test class: AutomationFramework.MyProfile<br>Parameters: chrome<br/>
<a href="#Output-110197684" onClick='toggleBox("Output-110197684", this, "Show output", "Hide output");'>Show output</a>

<a href="#Output-110197684" onClick="toggleAllBoxes();">Show all outputs</a>
<div class='log' id="Output-110197684">
About to begin executing following method : MyProfile.Loginuser<br/>
Completed executing following method : MyProfile.Loginuser<br/>
Test Method resides in AutomationFramework.MyProfile<br/>
Test Method had the following parameters : nullchrome,<br/>
Test Status: Pass<br/>
</div>
</td>
<td></td>
<td>31</td>
<td>AutomationFramework.MyProfile@23d2a7e8</td></tr>
<tr>
<td title='AutomationFramework.SettingPage.Namelimit_on_settings_page()'><b>Namelimit_on_settings_page</b><br>Test class: AutomationFramework.SettingPage<br/>
<a href="#Output-1116264846" onClick='toggleBox("Output-1116264846", this, "Show output", "Hide output");'>Show output</a>

<a href="#Output-1116264846" onClick="toggleAllBoxes();">Show all outputs</a>
<div class='log' id="Output-1116264846">
About to begin executing following method : SettingPage.Namelimit_on_settings_page<br/>
Completed executing following method : SettingPage.Namelimit_on_settings_page<br/>
Test Method resides in AutomationFramework.SettingPage<br/>
Test Status: Pass<br/>
</div>
</td>
<td></td>
<td>23</td>
<td>AutomationFramework.SettingPage@7a9273a8</td></tr>
<tr>
<td title='AutomationFramework.SettingPage.UserNamelimit_on_settings_page()'><b>UserNamelimit_on_settings_page</b><br>Test class: AutomationFramework.SettingPage<br/>
<a href="#Output-1505123790" onClick='toggleBox("Output-1505123790", this, "Show output", "Hide output");'>Show output</a>

<a href="#Output-1505123790" onClick="toggleAllBoxes();">Show all outputs</a>
<div class='log' id="Output-1505123790">
About to begin executing following method : SettingPage.UserNamelimit_on_settings_page<br/>
Completed executing following method : SettingPage.UserNamelimit_on_settings_page<br/>
Test Method resides in AutomationFramework.SettingPage<br/>
Test Status: Pass<br/>
</div>
</td>
<td></td>
<td>41</td>
<td>AutomationFramework.SettingPage@7a9273a8</td></tr>
<tr>
<td title='AutomationFramework.AddArgumentandComments.add_argument()'><b>add_argument</b><br>Test class: AutomationFramework.AddArgumentandComments<br/>
<a href="#Output-1761495255" onClick='toggleBox("Output-1761495255", this, "Show output", "Hide output");'>Show output</a>

<a href="#Output-1761495255" onClick="toggleAllBoxes();">Show all outputs</a>
<div class='log' id="Output-1761495255">
About to begin executing following method : AddArgumentandComments.add_argument<br/>
Completed executing following method : AddArgumentandComments.add_argument<br/>
Test Method resides in AutomationFramework.AddArgumentandComments<br/>
Test Status: Pass<br/>
</div>
</td>
<td></td>
<td>38</td>
<td>AutomationFramework.AddArgumentandComments@687080dc</td></tr>
<tr>
<td title='AutomationFramework.AddArgumentandComments.add_comment()'><b>add_comment</b><br>Test class: AutomationFramework.AddArgumentandComments<br/>
<a href="#Output-1425319920" onClick='toggleBox("Output-1425319920", this, "Show output", "Hide output");'>Show output</a>

<a href="#Output-1425319920" onClick="toggleAllBoxes();">Show all outputs</a>
<div class='log' id="Output-1425319920">
About to begin executing following method : AddArgumentandComments.add_comment<br/>
Completed executing following method : AddArgumentandComments.add_comment<br/>
Test Method resides in AutomationFramework.AddArgumentandComments<br/>
Test Status: Pass<br/>
</div>
</td>
<td></td>
<td>8</td>
<td>AutomationFramework.AddArgumentandComments@687080dc</td></tr>
<tr>
<td title='AutomationFramework.report_functionality.check_reportpopup_blankfields()'><b>check_reportpopup_blankfields</b><br>Test class: AutomationFramework.report_functionality<br/>
<a href="#Output-1562221939" onClick='toggleBox("Output-1562221939", this, "Show output", "Hide output");'>Show output</a>

<a href="#Output-1562221939" onClick="toggleAllBoxes();">Show all outputs</a>
<div class='log' id="Output-1562221939">
About to begin executing following method : report_functionality.check_reportpopup_blankfields<br/>
Completed executing following method : report_functionality.check_reportpopup_blankfields<br/>
Test Method resides in AutomationFramework.report_functionality<br/>
Test Status: Pass<br/>
</div>
</td>
<td></td>
<td>50</td>
<td>AutomationFramework.report_functionality@4abdb505</td></tr>
<tr>
<td title='AutomationFramework.Voting_functionality.check_votepopup_closebutton()'><b>check_votepopup_closebutton</b><br>Test class: AutomationFramework.Voting_functionality<br/>
<a href="#Output-2048537704" onClick='toggleBox("Output-2048537704", this, "Show output", "Hide output");'>Show output</a>

<a href="#Output-2048537704" onClick="toggleAllBoxes();">Show all outputs</a>
<div class='log' id="Output-2048537704">
About to begin executing following method : Voting_functionality.check_votepopup_closebutton<br/>
Completed executing following method : Voting_functionality.check_votepopup_closebutton<br/>
Test Method resides in AutomationFramework.Voting_functionality<br/>
Test Status: Pass<br/>
</div>
</td>
<td></td>
<td>31</td>
<td>AutomationFramework.Voting_functionality@26a7b76d</td></tr>
<tr>
<td title='AutomationFramework.Voting_functionality.check_votepopup_socaillink()'><b>check_votepopup_socaillink</b><br>Test class: AutomationFramework.Voting_functionality<br/>
<a href="#Output-1093426827" onClick='toggleBox("Output-1093426827", this, "Show output", "Hide output");'>Show output</a>

<a href="#Output-1093426827" onClick="toggleAllBoxes();">Show all outputs</a>
<div class='log' id="Output-1093426827">
About to begin executing following method : Voting_functionality.check_votepopup_socaillink<br/>
Completed executing following method : Voting_functionality.check_votepopup_socaillink<br/>
Test Method resides in AutomationFramework.Voting_functionality<br/>
Test Status: Pass<br/>
</div>
</td>
<td></td>
<td>38</td>
<td>AutomationFramework.Voting_functionality@26a7b76d</td></tr>
<tr>
<td title='AutomationFramework.Debate.create_debate()'><b>create_debate</b><br>Test class: AutomationFramework.Debate<br/>
<a href="#Output-1482429406" onClick='toggleBox("Output-1482429406", this, "Show output", "Hide output");'>Show output</a>

<a href="#Output-1482429406" onClick="toggleAllBoxes();">Show all outputs</a>
<div class='log' id="Output-1482429406">
About to begin executing following method : Debate.create_debate<br/>
Completed executing following method : Debate.create_debate<br/>
Test Method resides in AutomationFramework.Debate<br/>
Test Status: Pass<br/>
</div>
</td>
<td></td>
<td>52</td>
<td>AutomationFramework.Debate@6b9651f3</td></tr>
<tr>
<td title='AutomationFramework.DebateShare.debate_share_on_FB()'><b>debate_share_on_FB</b><br>Test class: AutomationFramework.DebateShare<br/>
<a href="#Output-1640458320" onClick='toggleBox("Output-1640458320", this, "Show output", "Hide output");'>Show output</a>

<a href="#Output-1640458320" onClick="toggleAllBoxes();">Show all outputs</a>
<div class='log' id="Output-1640458320">
About to begin executing following method : DebateShare.debate_share_on_FB<br/>
Completed executing following method : DebateShare.debate_share_on_FB<br/>
Test Method resides in AutomationFramework.DebateShare<br/>
Test Status: Pass<br/>
</div>
</td>
<td></td>
<td>26</td>
<td>AutomationFramework.DebateShare@38bc8ab5</td></tr>
<tr>
<td title='AutomationFramework.DebateShare.debate_share_on_linkedin()'><b>debate_share_on_linkedin</b><br>Test class: AutomationFramework.DebateShare<br/>
<a href="#Output-954936400" onClick='toggleBox("Output-954936400", this, "Show output", "Hide output");'>Show output</a>

<a href="#Output-954936400" onClick="toggleAllBoxes();">Show all outputs</a>
<div class='log' id="Output-954936400">
About to begin executing following method : DebateShare.debate_share_on_linkedin<br/>
Completed executing following method : DebateShare.debate_share_on_linkedin<br/>
Test Method resides in AutomationFramework.DebateShare<br/>
Test Status: Pass<br/>
</div>
</td>
<td></td>
<td>27</td>
<td>AutomationFramework.DebateShare@38bc8ab5</td></tr>
<tr>
<td title='AutomationFramework.DebateShare.debate_share_on_twitter()'><b>debate_share_on_twitter</b><br>Test class: AutomationFramework.DebateShare<br/>
<a href="#Output-1385140107" onClick='toggleBox("Output-1385140107", this, "Show output", "Hide output");'>Show output</a>

<a href="#Output-1385140107" onClick="toggleAllBoxes();">Show all outputs</a>
<div class='log' id="Output-1385140107">
About to begin executing following method : DebateShare.debate_share_on_twitter<br/>
Completed executing following method : DebateShare.debate_share_on_twitter<br/>
Test Method resides in AutomationFramework.DebateShare<br/>
Test Status: Pass<br/>
</div>
</td>
<td></td>
<td>24</td>
<td>AutomationFramework.DebateShare@38bc8ab5</td></tr>
<tr>
<td title='AutomationFramework.SettingPage.email_validation_on_settings_page()'><b>email_validation_on_settings_page</b><br>Test class: AutomationFramework.SettingPage<br/>
<a href="#Output-1911671810" onClick='toggleBox("Output-1911671810", this, "Show output", "Hide output");'>Show output</a>

<a href="#Output-1911671810" onClick="toggleAllBoxes();">Show all outputs</a>
<div class='log' id="Output-1911671810">
About to begin executing following method : SettingPage.email_validation_on_settings_page<br/>
Completed executing following method : SettingPage.email_validation_on_settings_page<br/>
Test Method resides in AutomationFramework.SettingPage<br/>
Test Status: Pass<br/>
</div>
</td>
<td></td>
<td>69</td>
<td>AutomationFramework.SettingPage@7a9273a8</td></tr>
<tr>
<td title='AutomationFramework.SettingPage.incorrect_oldpassword_on_settings_page()'><b>incorrect_oldpassword_on_settings_page</b><br>Test class: AutomationFramework.SettingPage<br/>
<a href="#Output-748229733" onClick='toggleBox("Output-748229733", this, "Show output", "Hide output");'>Show output</a>

<a href="#Output-748229733" onClick="toggleAllBoxes();">Show all outputs</a>
<div class='log' id="Output-748229733">
About to begin executing following method : SettingPage.incorrect_oldpassword_on_settings_page<br/>
Completed executing following method : SettingPage.incorrect_oldpassword_on_settings_page<br/>
Test Method resides in AutomationFramework.SettingPage<br/>
Test Status: Pass<br/>
</div>
</td>
<td></td>
<td>34</td>
<td>AutomationFramework.SettingPage@7a9273a8</td></tr>
<tr>
<td title='AutomationFramework.moderation_queue.login()'><b>login</b><br>Test class: AutomationFramework.moderation_queue<br>Parameters: chrome<br/>
<a href="#Output-1197721383" onClick='toggleBox("Output-1197721383", this, "Show output", "Hide output");'>Show output</a>

<a href="#Output-1197721383" onClick="toggleAllBoxes();">Show all outputs</a>
<div class='log' id="Output-1197721383">
About to begin executing following method : moderation_queue.login<br/>
Completed executing following method : moderation_queue.login<br/>
Test Method resides in AutomationFramework.moderation_queue<br/>
Test Method had the following parameters : nullchrome,<br/>
Test Status: Pass<br/>
</div>
</td>
<td></td>
<td>26</td>
<td>AutomationFramework.moderation_queue@5bb21b69</td></tr>
<tr>
<td title='AutomationFramework.Debate.login()'><b>login</b><br>Test class: AutomationFramework.Debate<br>Parameters: chrome<br/>
<a href="#Output-1404669942" onClick='toggleBox("Output-1404669942", this, "Show output", "Hide output");'>Show output</a>

<a href="#Output-1404669942" onClick="toggleAllBoxes();">Show all outputs</a>
<div class='log' id="Output-1404669942">
About to begin executing following method : Debate.login<br/>
Completed executing following method : Debate.login<br/>
Test Method resides in AutomationFramework.Debate<br/>
Test Method had the following parameters : nullchrome,<br/>
Test Status: Pass<br/>
</div>
</td>
<td></td>
<td>32</td>
<td>AutomationFramework.Debate@6b9651f3</td></tr>
<tr>
<td title='AutomationFramework.DebateShare.login()'><b>login</b><br>Test class: AutomationFramework.DebateShare<br>Parameters: chrome<br/>
<a href="#Output-271422148" onClick='toggleBox("Output-271422148", this, "Show output", "Hide output");'>Show output</a>

<a href="#Output-271422148" onClick="toggleAllBoxes();">Show all outputs</a>
<div class='log' id="Output-271422148">
About to begin executing following method : DebateShare.login<br/>
Completed executing following method : DebateShare.login<br/>
Test Method resides in AutomationFramework.DebateShare<br/>
Test Method had the following parameters : nullchrome,<br/>
Test Status: Pass<br/>
</div>
</td>
<td></td>
<td>49</td>
<td>AutomationFramework.DebateShare@38bc8ab5</td></tr>
<tr>
<td title='AutomationFramework.AddArgumentandComments.login()'><b>login</b><br>Test class: AutomationFramework.AddArgumentandComments<br>Parameters: chrome<br/>
<a href="#Output-819092483" onClick='toggleBox("Output-819092483", this, "Show output", "Hide output");'>Show output</a>

<a href="#Output-819092483" onClick="toggleAllBoxes();">Show all outputs</a>
<div class='log' id="Output-819092483">
About to begin executing following method : AddArgumentandComments.login<br/>
Completed executing following method : AddArgumentandComments.login<br/>
Test Method resides in AutomationFramework.AddArgumentandComments<br/>
Test Method had the following parameters : nullchrome,<br/>
Test Status: Pass<br/>
</div>
</td>
<td></td>
<td>31</td>
<td>AutomationFramework.AddArgumentandComments@687080dc</td></tr>
<tr>
<td title='AutomationFramework.SettingPage.login()'><b>login</b><br>Test class: AutomationFramework.SettingPage<br>Parameters: chrome<br/>
<a href="#Output-2008762581" onClick='toggleBox("Output-2008762581", this, "Show output", "Hide output");'>Show output</a>

<a href="#Output-2008762581" onClick="toggleAllBoxes();">Show all outputs</a>
<div class='log' id="Output-2008762581">
About to begin executing following method : SettingPage.login<br/>
Completed executing following method : SettingPage.login<br/>
Test Method resides in AutomationFramework.SettingPage<br/>
Test Method had the following parameters : nullchrome,<br/>
Test Status: Pass<br/>
</div>
</td>
<td></td>
<td>45</td>
<td>AutomationFramework.SettingPage@7a9273a8</td></tr>
<tr>
<td title='AutomationFramework.Voting_functionality.login()'><b>login</b><br>Test class: AutomationFramework.Voting_functionality<br>Parameters: chrome<br/>
<a href="#Output-80504258" onClick='toggleBox("Output-80504258", this, "Show output", "Hide output");'>Show output</a>

<a href="#Output-80504258" onClick="toggleAllBoxes();">Show all outputs</a>
<div class='log' id="Output-80504258">
About to begin executing following method : Voting_functionality.login<br/>
Completed executing following method : Voting_functionality.login<br/>
Test Method resides in AutomationFramework.Voting_functionality<br/>
Test Method had the following parameters : nullchrome,<br/>
Test Status: Pass<br/>
</div>
</td>
<td></td>
<td>28</td>
<td>AutomationFramework.Voting_functionality@26a7b76d</td></tr>
<tr>
<td title='AutomationFramework.report_functionality.login()'><b>login</b><br>Test class: AutomationFramework.report_functionality<br>Parameters: chrome<br/>
<a href="#Output-658824366" onClick='toggleBox("Output-658824366", this, "Show output", "Hide output");'>Show output</a>

<a href="#Output-658824366" onClick="toggleAllBoxes();">Show all outputs</a>
<div class='log' id="Output-658824366">
About to begin executing following method : report_functionality.login<br/>
Completed executing following method : report_functionality.login<br/>
Test Method resides in AutomationFramework.report_functionality<br/>
Test Method had the following parameters : nullchrome,<br/>
Test Status: Pass<br/>
</div>
</td>
<td></td>
<td>30</td>
<td>AutomationFramework.report_functionality@4abdb505</td></tr>
<tr>
<td title='AutomationFramework.Signup.main()'><b>main</b><br>Test class: AutomationFramework.Signup<br>Parameters: chrome<br/>
<a href="#Output-2040352617" onClick='toggleBox("Output-2040352617", this, "Show output", "Hide output");'>Show output</a>

<a href="#Output-2040352617" onClick="toggleAllBoxes();">Show all outputs</a>
<div class='log' id="Output-2040352617">
About to begin executing following method : Signup.main<br/>
Completed executing following method : Signup.main<br/>
Test Method resides in AutomationFramework.Signup<br/>
Test Method had the following parameters : nullchrome,<br/>
Test Status: Pass<br/>
</div>
</td>
<td></td>
<td>161</td>
<td>AutomationFramework.Signup@58c1670b</td></tr>
<tr>
<td title='AutomationFramework.Login.main()'><b>main</b><br>Test class: AutomationFramework.Login<br/>
<a href="#Output-331596257" onClick='toggleBox("Output-331596257", this, "Show output", "Hide output");'>Show output</a>

<a href="#Output-331596257" onClick="toggleAllBoxes();">Show all outputs</a>
<div class='log' id="Output-331596257">
About to begin executing following method : Login.main<br/>
Completed executing following method : Login.main<br/>
Test Method resides in AutomationFramework.Login<br/>
Test Status: Pass<br/>
About to begin executing following method : Login.afterMethod<br/>
</div>
</td>
<td></td>
<td>9</td>
<td>AutomationFramework.Login@6b57696f</td></tr>
<tr>
<td title='AutomationFramework.SettingPage.mismatch_passwords_on_settings_page()'><b>mismatch_passwords_on_settings_page</b><br>Test class: AutomationFramework.SettingPage<br/>
<a href="#Output-636575568" onClick='toggleBox("Output-636575568", this, "Show output", "Hide output");'>Show output</a>

<a href="#Output-636575568" onClick="toggleAllBoxes();">Show all outputs</a>
<div class='log' id="Output-636575568">
About to begin executing following method : SettingPage.mismatch_passwords_on_settings_page<br/>
Completed executing following method : SettingPage.mismatch_passwords_on_settings_page<br/>
Test Method resides in AutomationFramework.SettingPage<br/>
Test Status: Pass<br/>
</div>
</td>
<td></td>
<td>21</td>
<td>AutomationFramework.SettingPage@7a9273a8</td></tr>
<tr>
<td title='AutomationFramework.moderation_queue.moderation_functionality()'><b>moderation_functionality</b><br>Test class: AutomationFramework.moderation_queue<br/>
<a href="#Output-852190062" onClick='toggleBox("Output-852190062", this, "Show output", "Hide output");'>Show output</a>

<a href="#Output-852190062" onClick="toggleAllBoxes();">Show all outputs</a>
<div class='log' id="Output-852190062">
About to begin executing following method : moderation_queue.moderation_functionality<br/>
Completed executing following method : moderation_queue.moderation_functionality<br/>
Test Method resides in AutomationFramework.moderation_queue<br/>
Test Status: Pass<br/>
</div>
</td>
<td></td>
<td>197</td>
<td>AutomationFramework.moderation_queue@5bb21b69</td></tr>
<tr>
<td title='AutomationFramework.SettingPage.password_limit_on_settings_page()'><b>password_limit_on_settings_page</b><br>Test class: AutomationFramework.SettingPage<br/>
<a href="#Output-269853881" onClick='toggleBox("Output-269853881", this, "Show output", "Hide output");'>Show output</a>

<a href="#Output-269853881" onClick="toggleAllBoxes();">Show all outputs</a>
<div class='log' id="Output-269853881">
About to begin executing following method : SettingPage.password_limit_on_settings_page<br/>
Completed executing following method : SettingPage.password_limit_on_settings_page<br/>
Test Method resides in AutomationFramework.SettingPage<br/>
Test Status: Pass<br/>
</div>
</td>
<td></td>
<td>28</td>
<td>AutomationFramework.SettingPage@7a9273a8</td></tr>
<tr>
<td title='AutomationFramework.Voting_functionality.post_argument_from_votepopup()'><b>post_argument_from_votepopup</b><br>Test class: AutomationFramework.Voting_functionality<br/>
<a href="#Output-306279528" onClick='toggleBox("Output-306279528", this, "Show output", "Hide output");'>Show output</a>

<a href="#Output-306279528" onClick="toggleAllBoxes();">Show all outputs</a>
<div class='log' id="Output-306279528">
About to begin executing following method : Voting_functionality.post_argument_from_votepopup<br/>
Completed executing following method : Voting_functionality.post_argument_from_votepopup<br/>
Test Method resides in AutomationFramework.Voting_functionality<br/>
Test Status: Pass<br/>
</div>
</td>
<td></td>
<td>27</td>
<td>AutomationFramework.Voting_functionality@26a7b76d</td></tr>
<tr>
<td title='AutomationFramework.pre_login_functionality.prelogin_argument_closebutton()'><b>prelogin_argument_closebutton</b><br>Test class: AutomationFramework.pre_login_functionality<br>Parameters: chrome<br/>
<a href="#Output-720007548" onClick='toggleBox("Output-720007548", this, "Show output", "Hide output");'>Show output</a>

<a href="#Output-720007548" onClick="toggleAllBoxes();">Show all outputs</a>
<div class='log' id="Output-720007548">
About to begin executing following method : pre_login_functionality.prelogin_argument_closebutton<br/>
Completed executing following method : pre_login_functionality.prelogin_argument_closebutton<br/>
Test Method resides in AutomationFramework.pre_login_functionality<br/>
Test Method had the following parameters : nullchrome,<br/>
Test Status: Pass<br/>
</div>
</td>
<td></td>
<td>51</td>
<td>AutomationFramework.pre_login_functionality@7ce6a65d</td></tr>
<tr>
<td title='AutomationFramework.pre_login_functionality.prelogin_argument_post()'><b>prelogin_argument_post</b><br>Test class: AutomationFramework.pre_login_functionality<br/>
<a href="#Output-1527317172" onClick='toggleBox("Output-1527317172", this, "Show output", "Hide output");'>Show output</a>

<a href="#Output-1527317172" onClick="toggleAllBoxes();">Show all outputs</a>
<div class='log' id="Output-1527317172">
About to begin executing following method : pre_login_functionality.prelogin_argument_post<br/>
Completed executing following method : pre_login_functionality.prelogin_argument_post<br/>
Test Method resides in AutomationFramework.pre_login_functionality<br/>
Test Status: Pass<br/>
</div>
</td>
<td></td>
<td>66</td>
<td>AutomationFramework.pre_login_functionality@7ce6a65d</td></tr>
<tr>
<td title='AutomationFramework.pre_login_functionality.prelogin_argumentreport_closebutton()'><b>prelogin_argumentreport_closebutton</b><br>Test class: AutomationFramework.pre_login_functionality<br/>
<a href="#Output-159883451" onClick='toggleBox("Output-159883451", this, "Show output", "Hide output");'>Show output</a>

<a href="#Output-159883451" onClick="toggleAllBoxes();">Show all outputs</a>
<div class='log' id="Output-159883451">
About to begin executing following method : pre_login_functionality.prelogin_argumentreport_closebutton<br/>
Completed executing following method : pre_login_functionality.prelogin_argumentreport_closebutton<br/>
Test Method resides in AutomationFramework.pre_login_functionality<br/>
Test Status: Pass<br/>
</div>
</td>
<td></td>
<td>51</td>
<td>AutomationFramework.pre_login_functionality@7ce6a65d</td></tr>
<tr>
<td title='AutomationFramework.pre_login_functionality.prelogin_comment_post()'><b>prelogin_comment_post</b><br>Test class: AutomationFramework.pre_login_functionality<br/>
<a href="#Output-1844381234" onClick='toggleBox("Output-1844381234", this, "Show output", "Hide output");'>Show output</a>

<a href="#Output-1844381234" onClick="toggleAllBoxes();">Show all outputs</a>
<div class='log' id="Output-1844381234">
About to begin executing following method : pre_login_functionality.prelogin_comment_post<br/>
Completed executing following method : pre_login_functionality.prelogin_comment_post<br/>
Test Method resides in AutomationFramework.pre_login_functionality<br/>
Test Status: Pass<br/>
</div>
</td>
<td></td>
<td>43</td>
<td>AutomationFramework.pre_login_functionality@7ce6a65d</td></tr>
<tr>
<td title='AutomationFramework.pre_login_functionality.prelogin_commentslider_close()'><b>prelogin_commentslider_close</b><br>Test class: AutomationFramework.pre_login_functionality<br/>
<a href="#Output-1281325903" onClick='toggleBox("Output-1281325903", this, "Show output", "Hide output");'>Show output</a>

<a href="#Output-1281325903" onClick="toggleAllBoxes();">Show all outputs</a>
<div class='log' id="Output-1281325903">
About to begin executing following method : pre_login_functionality.prelogin_commentslider_close<br/>
Completed executing following method : pre_login_functionality.prelogin_commentslider_close<br/>
Test Method resides in AutomationFramework.pre_login_functionality<br/>
Test Status: Pass<br/>
</div>
</td>
<td></td>
<td>44</td>
<td>AutomationFramework.pre_login_functionality@7ce6a65d</td></tr>
<tr>
<td title='AutomationFramework.pre_login_functionality.prelogin_debatereport_closebutton()'><b>prelogin_debatereport_closebutton</b><br>Test class: AutomationFramework.pre_login_functionality<br/>
<a href="#Output-353922272" onClick='toggleBox("Output-353922272", this, "Show output", "Hide output");'>Show output</a>

<a href="#Output-353922272" onClick="toggleAllBoxes();">Show all outputs</a>
<div class='log' id="Output-353922272">
About to begin executing following method : pre_login_functionality.prelogin_debatereport_closebutton<br/>
Completed executing following method : pre_login_functionality.prelogin_debatereport_closebutton<br/>
Test Method resides in AutomationFramework.pre_login_functionality<br/>
Test Status: Pass<br/>
</div>
</td>
<td></td>
<td>34</td>
<td>AutomationFramework.pre_login_functionality@7ce6a65d</td></tr>
<tr>
<td title='AutomationFramework.pre_login_functionality.prelogin_report_on_arg()'><b>prelogin_report_on_arg</b><br>Test class: AutomationFramework.pre_login_functionality<br/>
<a href="#Output-2076359512" onClick='toggleBox("Output-2076359512", this, "Show output", "Hide output");'>Show output</a>

<a href="#Output-2076359512" onClick="toggleAllBoxes();">Show all outputs</a>
<div class='log' id="Output-2076359512">
About to begin executing following method : pre_login_functionality.prelogin_report_on_arg<br/>
Completed executing following method : pre_login_functionality.prelogin_report_on_arg<br/>
Test Method resides in AutomationFramework.pre_login_functionality<br/>
Test Status: Pass<br/>
</div>
</td>
<td></td>
<td>49</td>
<td>AutomationFramework.pre_login_functionality@7ce6a65d</td></tr>
<tr>
<td title='AutomationFramework.pre_login_functionality.prelogin_report_on_debate()'><b>prelogin_report_on_debate</b><br>Test class: AutomationFramework.pre_login_functionality<br/>
<a href="#Output-668979499" onClick='toggleBox("Output-668979499", this, "Show output", "Hide output");'>Show output</a>

<a href="#Output-668979499" onClick="toggleAllBoxes();">Show all outputs</a>
<div class='log' id="Output-668979499">
About to begin executing following method : pre_login_functionality.prelogin_report_on_debate<br/>
Completed executing following method : pre_login_functionality.prelogin_report_on_debate<br/>
Test Method resides in AutomationFramework.pre_login_functionality<br/>
Test Status: Pass<br/>
</div>
</td>
<td></td>
<td>43</td>
<td>AutomationFramework.pre_login_functionality@7ce6a65d</td></tr>
<tr>
<td title='AutomationFramework.pre_login_functionality.prelogin_startdebate()'><b>prelogin_startdebate</b><br>Test class: AutomationFramework.pre_login_functionality<br/>
<a href="#Output-948963537" onClick='toggleBox("Output-948963537", this, "Show output", "Hide output");'>Show output</a>

<a href="#Output-948963537" onClick="toggleAllBoxes();">Show all outputs</a>
<div class='log' id="Output-948963537">
About to begin executing following method : pre_login_functionality.prelogin_startdebate<br/>
Completed executing following method : pre_login_functionality.prelogin_startdebate<br/>
Test Method resides in AutomationFramework.pre_login_functionality<br/>
Test Status: Pass<br/>
</div>
</td>
<td></td>
<td>66</td>
<td>AutomationFramework.pre_login_functionality@7ce6a65d</td></tr>
<tr>
<td title='AutomationFramework.pre_login_functionality.prelogin_startdebate_closebutton()'><b>prelogin_startdebate_closebutton</b><br>Test class: AutomationFramework.pre_login_functionality<br/>
<a href="#Output-145382068" onClick='toggleBox("Output-145382068", this, "Show output", "Hide output");'>Show output</a>

<a href="#Output-145382068" onClick="toggleAllBoxes();">Show all outputs</a>
<div class='log' id="Output-145382068">
About to begin executing following method : pre_login_functionality.prelogin_startdebate_closebutton<br/>
Completed executing following method : pre_login_functionality.prelogin_startdebate_closebutton<br/>
Test Method resides in AutomationFramework.pre_login_functionality<br/>
Test Status: Pass<br/>
</div>
</td>
<td></td>
<td>32</td>
<td>AutomationFramework.pre_login_functionality@7ce6a65d</td></tr>
<tr>
<td title='AutomationFramework.report_functionality.report_argument()'><b>report_argument</b><br>Test class: AutomationFramework.report_functionality<br/>
<a href="#Output-1589146424" onClick='toggleBox("Output-1589146424", this, "Show output", "Hide output");'>Show output</a>

<a href="#Output-1589146424" onClick="toggleAllBoxes();">Show all outputs</a>
<div class='log' id="Output-1589146424">
About to begin executing following method : report_functionality.report_argument<br/>
Completed executing following method : report_functionality.report_argument<br/>
Test Method resides in AutomationFramework.report_functionality<br/>
Test Status: Pass<br/>
</div>
</td>
<td></td>
<td>21</td>
<td>AutomationFramework.report_functionality@4abdb505</td></tr>
<tr>
<td title='AutomationFramework.report_functionality.report_debate()'><b>report_debate</b><br>Test class: AutomationFramework.report_functionality<br/>
<a href="#Output-560165559" onClick='toggleBox("Output-560165559", this, "Show output", "Hide output");'>Show output</a>

<a href="#Output-560165559" onClick="toggleAllBoxes();">Show all outputs</a>
<div class='log' id="Output-560165559">
About to begin executing following method : report_functionality.report_debate<br/>
Completed executing following method : report_functionality.report_debate<br/>
Test Method resides in AutomationFramework.report_functionality<br/>
Test Status: Pass<br/>
</div>
</td>
<td></td>
<td>16</td>
<td>AutomationFramework.report_functionality@4abdb505</td></tr>
<tr>
<td title='AutomationFramework.SettingPage.reset_password_on_settings_page()'><b>reset_password_on_settings_page</b><br>Test class: AutomationFramework.SettingPage<br/>
<a href="#Output-891328061" onClick='toggleBox("Output-891328061", this, "Show output", "Hide output");'>Show output</a>

<a href="#Output-891328061" onClick="toggleAllBoxes();">Show all outputs</a>
<div class='log' id="Output-891328061">
About to begin executing following method : SettingPage.reset_password_on_settings_page<br/>
Completed executing following method : SettingPage.reset_password_on_settings_page<br/>
Test Method resides in AutomationFramework.SettingPage<br/>
Test Status: Pass<br/>
</div>
</td>
<td></td>
<td>85</td>
<td>AutomationFramework.SettingPage@7a9273a8</td></tr>
<tr>
<td title='AutomationFramework.SettingPage.save_blankfields_on_settings_page()'><b>save_blankfields_on_settings_page</b><br>Test class: AutomationFramework.SettingPage<br/>
<a href="#Output-578102596" onClick='toggleBox("Output-578102596", this, "Show output", "Hide output");'>Show output</a>

<a href="#Output-578102596" onClick="toggleAllBoxes();">Show all outputs</a>
<div class='log' id="Output-578102596">
About to begin executing following method : SettingPage.save_blankfields_on_settings_page<br/>
Completed executing following method : SettingPage.save_blankfields_on_settings_page<br/>
Test Method resides in AutomationFramework.SettingPage<br/>
Test Status: Pass<br/>
</div>
</td>
<td></td>
<td>16</td>
<td>AutomationFramework.SettingPage@7a9273a8</td></tr>
<tr>
<td title='AutomationFramework.MyProfile.uploadcoverimage()'><b>uploadcoverimage</b><br>Test class: AutomationFramework.MyProfile<br/>
<a href="#Output-1334391583" onClick='toggleBox("Output-1334391583", this, "Show output", "Hide output");'>Show output</a>

<a href="#Output-1334391583" onClick="toggleAllBoxes();">Show all outputs</a>
<div class='log' id="Output-1334391583">
About to begin executing following method : MyProfile.uploadcoverimage<br/>
Completed executing following method : MyProfile.uploadcoverimage<br/>
Test Method resides in AutomationFramework.MyProfile<br/>
Test Status: Pass<br/>
</div>
</td>
<td></td>
<td>30</td>
<td>AutomationFramework.MyProfile@23d2a7e8</td></tr>
<tr>
<td title='AutomationFramework.MyProfile.uploadprofile()'><b>uploadprofile</b><br>Test class: AutomationFramework.MyProfile<br/>
<a href="#Output-695085082" onClick='toggleBox("Output-695085082", this, "Show output", "Hide output");'>Show output</a>

<a href="#Output-695085082" onClick="toggleAllBoxes();">Show all outputs</a>
<div class='log' id="Output-695085082">
About to begin executing following method : MyProfile.uploadprofile<br/>
Completed executing following method : MyProfile.uploadprofile<br/>
Test Method resides in AutomationFramework.MyProfile<br/>
Test Status: Pass<br/>
</div>
</td>
<td></td>
<td>70</td>
<td>AutomationFramework.MyProfile@23d2a7e8</td></tr>
<tr>
<td title='AutomationFramework.SettingPage.username_validation_on_settings_page()'><b>username_validation_on_settings_page</b><br>Test class: AutomationFramework.SettingPage<br/>
<a href="#Output-27313641" onClick='toggleBox("Output-27313641", this, "Show output", "Hide output");'>Show output</a>

<a href="#Output-27313641" onClick="toggleAllBoxes();">Show all outputs</a>
<div class='log' id="Output-27313641">
About to begin executing following method : SettingPage.username_validation_on_settings_page<br/>
Completed executing following method : SettingPage.username_validation_on_settings_page<br/>
Test Method resides in AutomationFramework.SettingPage<br/>
Test Status: Pass<br/>
</div>
</td>
<td></td>
<td>49</td>
<td>AutomationFramework.SettingPage@7a9273a8</td></tr>
<tr>
<td title='AutomationFramework.SettingPage.valid_password_on_settings_page()'><b>valid_password_on_settings_page</b><br>Test class: AutomationFramework.SettingPage<br/>
<a href="#Output-1589745212" onClick='toggleBox("Output-1589745212", this, "Show output", "Hide output");'>Show output</a>

<a href="#Output-1589745212" onClick="toggleAllBoxes();">Show all outputs</a>
<div class='log' id="Output-1589745212">
About to begin executing following method : SettingPage.valid_password_on_settings_page<br/>
Completed executing following method : SettingPage.valid_password_on_settings_page<br/>
Test Method resides in AutomationFramework.SettingPage<br/>
Test Status: Pass<br/>
</div>
</td>
<td></td>
<td>31</td>
<td>AutomationFramework.SettingPage@7a9273a8</td></tr>
</table><p>
<table width='100%' border='1' class='invocation-skipped'>
<tr><td colspan='4' align='center'><b>SKIPPED TESTS</b></td></tr>
<tr><td><b>Test method</b></td>
<td width="30%"><b>Exception</b></td>
<td width="10%"><b>Time (seconds)</b></td>
<td><b>Instance</b></td>
</tr>
<tr>
<td title='AutomationFramework.MyProfile.Loginuser()'><b>Loginuser</b><br>Test class: AutomationFramework.MyProfile<br>Parameters: chrome<br/>
<a href="#Output-500660587" onClick='toggleBox("Output-500660587", this, "Show output", "Hide output");'>Show output</a>

<a href="#Output-500660587" onClick="toggleAllBoxes();">Show all outputs</a>
<div class='log' id="Output-500660587">
About to begin executing following method : MyProfile.Loginuser<br/>
Completed executing following method : MyProfile.Loginuser<br/>
Test Method resides in AutomationFramework.MyProfile<br/>
Test Method had the following parameters : nullchrome,<br/>
Test Status: Skipped<br/>
</div>
</td>
<td><div><pre>org.openqa.selenium.ElementNotVisibleException: element not visible
  (Session info: chrome=79.0.3945.117)
  (Driver info: chromedriver=2.37.544315 (730aa6a5fdba159ac9f4c1e8cbc59bf1b5ce12b7),platform=Windows NT 6.3.9600 x86_64) (WARNING: The server did not provide any stacktrace information)
Command duration or timeout: 0 milliseconds
Build info: version: &apos;3.141.59&apos;, revision: &apos;e82be7d358&apos;, time: &apos;2018-11-14T08:25:48&apos;
System info: host: &apos;VIKAS-PC&apos;, ip: &apos;192.168.50.169&apos;, os.name: &apos;Windows 8.1&apos;, os.arch: &apos;amd64&apos;, os.version: &apos;6.3&apos;, java.version: &apos;1.8.0_231&apos;
Driver info: org.openqa.selenium.chrome.ChromeDriver
Capabilities {acceptInsecureCerts: false, acceptSslCerts: false, applicationCacheEnabled: false, browserConnectionEnabled: false, browserName: chrome, chrome: {chromedriverVersion: 2.37.544315 (730aa6a5fdba15..., userDataDir: C:\Users\VIKAS~1.III\AppDat...}, cssSelectorsEnabled: true, databaseEnabled: false, handlesAlerts: true, hasTouchScreen: false, javascriptEnabled: true, locationContextEnabled: true, mobileEmulationEnabled: false, nativeEvents: true, networkConnectionEnabled: false, pageLoadStrategy: normal, platform: XP, platformName: XP, rotatable: false, setWindowRect: true, takesHeapSnapshot: true, takesScreenshot: true, unexpectedAlertBehaviour: , unhandledPromptBehavior: , version: 79.0.3945.117, webStorageEnabled: true}
Session ID: 540778f4b06453a5f695f74a52770ce1
	at org.openqa.selenium.remote.ErrorHandler.createThrowable(ErrorHandler.java:214)
	at org.openqa.selenium.remote.ErrorHandler.throwIfResponseFailed(ErrorHandler.java:166)
	at org.openqa.selenium.remote.http.JsonHttpResponseCodec.reconstructValue(JsonHttpResponseCodec.java:40)
	at org.openqa.selenium.remote.http.AbstractHttpResponseCodec.decode(AbstractHttpResponseCodec.java:80)
	at org.openqa.selenium.remote.http.AbstractHttpResponseCodec.decode(AbstractHttpResponseCodec.java:44)
	at org.openqa.selenium.remote.HttpCommandExecutor.execute(HttpCommandExecutor.java:158)
	at org.openqa.selenium.remote.service.DriverCommandExecutor.execute(DriverCommandExecutor.java:83)
	at org.openqa.selenium.remote.RemoteWebDriver.execute(RemoteWebDriver.java:552)
	at org.openqa.selenium.remote.RemoteWebElement.execute(RemoteWebElement.java:285)
	at org.openqa.selenium.remote.RemoteWebElement.click(RemoteWebElement.java:84)
	at AutomationFramework.MyProfile.Loginuser(MyProfile.java:60)
	at java.util.ArrayList.forEach(Unknown Source)
... Removed 31 stack frames</pre></div><a href='#' onClick='toggleBox("stack-trace500660587", this, "Click to show all stack frames", "Click to hide stack frames")'>Click to show all stack frames</a>
<div class='stack-trace' id='stack-trace500660587'><pre>org.openqa.selenium.ElementNotVisibleException: element not visible
  (Session info: chrome=79.0.3945.117)
  (Driver info: chromedriver=2.37.544315 (730aa6a5fdba159ac9f4c1e8cbc59bf1b5ce12b7),platform=Windows NT 6.3.9600 x86_64) (WARNING: The server did not provide any stacktrace information)
Command duration or timeout: 0 milliseconds
Build info: version: &apos;3.141.59&apos;, revision: &apos;e82be7d358&apos;, time: &apos;2018-11-14T08:25:48&apos;
System info: host: &apos;VIKAS-PC&apos;, ip: &apos;192.168.50.169&apos;, os.name: &apos;Windows 8.1&apos;, os.arch: &apos;amd64&apos;, os.version: &apos;6.3&apos;, java.version: &apos;1.8.0_231&apos;
Driver info: org.openqa.selenium.chrome.ChromeDriver
Capabilities {acceptInsecureCerts: false, acceptSslCerts: false, applicationCacheEnabled: false, browserConnectionEnabled: false, browserName: chrome, chrome: {chromedriverVersion: 2.37.544315 (730aa6a5fdba15..., userDataDir: C:\Users\VIKAS~1.III\AppDat...}, cssSelectorsEnabled: true, databaseEnabled: false, handlesAlerts: true, hasTouchScreen: false, javascriptEnabled: true, locationContextEnabled: true, mobileEmulationEnabled: false, nativeEvents: true, networkConnectionEnabled: false, pageLoadStrategy: normal, platform: XP, platformName: XP, rotatable: false, setWindowRect: true, takesHeapSnapshot: true, takesScreenshot: true, unexpectedAlertBehaviour: , unhandledPromptBehavior: , version: 79.0.3945.117, webStorageEnabled: true}
Session ID: 540778f4b06453a5f695f74a52770ce1
	at sun.reflect.NativeConstructorAccessorImpl.newInstance0(Native Method)
	at sun.reflect.NativeConstructorAccessorImpl.newInstance(Unknown Source)
	at sun.reflect.DelegatingConstructorAccessorImpl.newInstance(Unknown Source)
	at java.lang.reflect.Constructor.newInstance(Unknown Source)
	at org.openqa.selenium.remote.ErrorHandler.createThrowable(ErrorHandler.java:214)
	at org.openqa.selenium.remote.ErrorHandler.throwIfResponseFailed(ErrorHandler.java:166)
	at org.openqa.selenium.remote.http.JsonHttpResponseCodec.reconstructValue(JsonHttpResponseCodec.java:40)
	at org.openqa.selenium.remote.http.AbstractHttpResponseCodec.decode(AbstractHttpResponseCodec.java:80)
	at org.openqa.selenium.remote.http.AbstractHttpResponseCodec.decode(AbstractHttpResponseCodec.java:44)
	at org.openqa.selenium.remote.HttpCommandExecutor.execute(HttpCommandExecutor.java:158)
	at org.openqa.selenium.remote.service.DriverCommandExecutor.execute(DriverCommandExecutor.java:83)
	at org.openqa.selenium.remote.RemoteWebDriver.execute(RemoteWebDriver.java:552)
	at org.openqa.selenium.remote.RemoteWebElement.execute(RemoteWebElement.java:285)
	at org.openqa.selenium.remote.RemoteWebElement.click(RemoteWebElement.java:84)
	at AutomationFramework.MyProfile.Loginuser(MyProfile.java:60)
	at sun.reflect.NativeMethodAccessorImpl.invoke0(Native Method)
	at sun.reflect.NativeMethodAccessorImpl.invoke(Unknown Source)
	at sun.reflect.DelegatingMethodAccessorImpl.invoke(Unknown Source)
	at java.lang.reflect.Method.invoke(Unknown Source)
	at org.testng.internal.MethodInvocationHelper.invokeMethod(MethodInvocationHelper.java:133)
	at org.testng.internal.TestInvoker.invokeMethod(TestInvoker.java:584)
	at org.testng.internal.TestInvoker.invokeTestMethod(TestInvoker.java:172)
	at org.testng.internal.MethodRunner.runInSequence(MethodRunner.java:46)
	at org.testng.internal.TestInvoker$MethodInvocationAgent.invoke(TestInvoker.java:804)
	at org.testng.internal.TestInvoker.invokeTestMethods(TestInvoker.java:145)
	at org.testng.internal.TestMethodWorker.invokeTestMethods(TestMethodWorker.java:146)
	at org.testng.internal.TestMethodWorker.run(TestMethodWorker.java:128)
	at java.util.ArrayList.forEach(Unknown Source)
	at org.testng.TestRunner.privateRun(TestRunner.java:770)
	at org.testng.TestRunner.run(TestRunner.java:591)
	at org.testng.SuiteRunner.runTest(SuiteRunner.java:402)
	at org.testng.SuiteRunner.runSequentially(SuiteRunner.java:396)
	at org.testng.SuiteRunner.privateRun(SuiteRunner.java:355)
	at org.testng.SuiteRunner.run(SuiteRunner.java:304)
	at org.testng.SuiteRunnerWorker.runSuite(SuiteRunnerWorker.java:53)
	at org.testng.SuiteRunnerWorker.run(SuiteRunnerWorker.java:96)
	at org.testng.TestNG.runSuitesSequentially(TestNG.java:1180)
	at org.testng.TestNG.runSuitesLocally(TestNG.java:1102)
	at org.testng.TestNG.runSuites(TestNG.java:1032)
	at org.testng.TestNG.run(TestNG.java:1000)
	at org.testng.remote.AbstractRemoteTestNG.run(AbstractRemoteTestNG.java:115)
	at org.testng.remote.RemoteTestNG.initAndRun(RemoteTestNG.java:251)
	at org.testng.remote.RemoteTestNG.main(RemoteTestNG.java:77)
</pre></div></td>
<td>27</td>
<td>AutomationFramework.MyProfile@23d2a7e8</td></tr>
<tr>
<td title='AutomationFramework.pre_login_functionality.prelogin_commentslider_close()'><b>prelogin_commentslider_close</b><br>Test class: AutomationFramework.pre_login_functionality<br/>
<a href="#Output-43734323" onClick='toggleBox("Output-43734323", this, "Show output", "Hide output");'>Show output</a>

<a href="#Output-43734323" onClick="toggleAllBoxes();">Show all outputs</a>
<div class='log' id="Output-43734323">
About to begin executing following method : pre_login_functionality.prelogin_commentslider_close<br/>
Completed executing following method : pre_login_functionality.prelogin_commentslider_close<br/>
Test Method resides in AutomationFramework.pre_login_functionality<br/>
Test Status: Skipped<br/>
</div>
</td>
<td><div><pre>org.openqa.selenium.WebDriverException: unknown error: Element &lt;button type=&quot;button&quot; class=&quot;close&quot; data-dismiss=&quot;modal&quot;&gt;...&lt;/button&gt; is not clickable at point (302, 18). Other element would receive the click: &lt;div class=&quot;comments argument&quot;&gt;...&lt;/div&gt;
  (Session info: chrome=79.0.3945.117)
  (Driver info: chromedriver=2.37.544315 (730aa6a5fdba159ac9f4c1e8cbc59bf1b5ce12b7),platform=Windows NT 6.3.9600 x86_64) (WARNING: The server did not provide any stacktrace information)
Command duration or timeout: 0 milliseconds
Build info: version: &apos;3.141.59&apos;, revision: &apos;e82be7d358&apos;, time: &apos;2018-11-14T08:25:48&apos;
System info: host: &apos;VIKAS-PC&apos;, ip: &apos;192.168.50.169&apos;, os.name: &apos;Windows 8.1&apos;, os.arch: &apos;amd64&apos;, os.version: &apos;6.3&apos;, java.version: &apos;1.8.0_231&apos;
Driver info: org.openqa.selenium.chrome.ChromeDriver
Capabilities {acceptInsecureCerts: false, acceptSslCerts: false, applicationCacheEnabled: false, browserConnectionEnabled: false, browserName: chrome, chrome: {chromedriverVersion: 2.37.544315 (730aa6a5fdba15..., userDataDir: C:\Users\VIKAS~1.III\AppDat...}, cssSelectorsEnabled: true, databaseEnabled: false, handlesAlerts: true, hasTouchScreen: false, javascriptEnabled: true, locationContextEnabled: true, mobileEmulationEnabled: false, nativeEvents: true, networkConnectionEnabled: false, pageLoadStrategy: normal, platform: XP, platformName: XP, rotatable: false, setWindowRect: true, takesHeapSnapshot: true, takesScreenshot: true, unexpectedAlertBehaviour: , unhandledPromptBehavior: , version: 79.0.3945.117, webStorageEnabled: true}
Session ID: 95570441941e36731ae67b969b64971f
	at org.openqa.selenium.remote.ErrorHandler.createThrowable(ErrorHandler.java:214)
	at org.openqa.selenium.remote.ErrorHandler.throwIfResponseFailed(ErrorHandler.java:166)
	at org.openqa.selenium.remote.http.JsonHttpResponseCodec.reconstructValue(JsonHttpResponseCodec.java:40)
	at org.openqa.selenium.remote.http.AbstractHttpResponseCodec.decode(AbstractHttpResponseCodec.java:80)
	at org.openqa.selenium.remote.http.AbstractHttpResponseCodec.decode(AbstractHttpResponseCodec.java:44)
	at org.openqa.selenium.remote.HttpCommandExecutor.execute(HttpCommandExecutor.java:158)
	at org.openqa.selenium.remote.service.DriverCommandExecutor.execute(DriverCommandExecutor.java:83)
	at org.openqa.selenium.remote.RemoteWebDriver.execute(RemoteWebDriver.java:552)
	at org.openqa.selenium.remote.RemoteWebElement.execute(RemoteWebElement.java:285)
	at org.openqa.selenium.remote.RemoteWebElement.click(RemoteWebElement.java:84)
	at AutomationFramework.pre_login_functionality.prelogin_commentslider_close(pre_login_functionality.java:162)
	at java.util.ArrayList.forEach(Unknown Source)
... Removed 31 stack frames</pre></div><a href='#' onClick='toggleBox("stack-trace43734323", this, "Click to show all stack frames", "Click to hide stack frames")'>Click to show all stack frames</a>
<div class='stack-trace' id='stack-trace43734323'><pre>org.openqa.selenium.WebDriverException: unknown error: Element &lt;button type=&quot;button&quot; class=&quot;close&quot; data-dismiss=&quot;modal&quot;&gt;...&lt;/button&gt; is not clickable at point (302, 18). Other element would receive the click: &lt;div class=&quot;comments argument&quot;&gt;...&lt;/div&gt;
  (Session info: chrome=79.0.3945.117)
  (Driver info: chromedriver=2.37.544315 (730aa6a5fdba159ac9f4c1e8cbc59bf1b5ce12b7),platform=Windows NT 6.3.9600 x86_64) (WARNING: The server did not provide any stacktrace information)
Command duration or timeout: 0 milliseconds
Build info: version: &apos;3.141.59&apos;, revision: &apos;e82be7d358&apos;, time: &apos;2018-11-14T08:25:48&apos;
System info: host: &apos;VIKAS-PC&apos;, ip: &apos;192.168.50.169&apos;, os.name: &apos;Windows 8.1&apos;, os.arch: &apos;amd64&apos;, os.version: &apos;6.3&apos;, java.version: &apos;1.8.0_231&apos;
Driver info: org.openqa.selenium.chrome.ChromeDriver
Capabilities {acceptInsecureCerts: false, acceptSslCerts: false, applicationCacheEnabled: false, browserConnectionEnabled: false, browserName: chrome, chrome: {chromedriverVersion: 2.37.544315 (730aa6a5fdba15..., userDataDir: C:\Users\VIKAS~1.III\AppDat...}, cssSelectorsEnabled: true, databaseEnabled: false, handlesAlerts: true, hasTouchScreen: false, javascriptEnabled: true, locationContextEnabled: true, mobileEmulationEnabled: false, nativeEvents: true, networkConnectionEnabled: false, pageLoadStrategy: normal, platform: XP, platformName: XP, rotatable: false, setWindowRect: true, takesHeapSnapshot: true, takesScreenshot: true, unexpectedAlertBehaviour: , unhandledPromptBehavior: , version: 79.0.3945.117, webStorageEnabled: true}
Session ID: 95570441941e36731ae67b969b64971f
	at sun.reflect.NativeConstructorAccessorImpl.newInstance0(Native Method)
	at sun.reflect.NativeConstructorAccessorImpl.newInstance(Unknown Source)
	at sun.reflect.DelegatingConstructorAccessorImpl.newInstance(Unknown Source)
	at java.lang.reflect.Constructor.newInstance(Unknown Source)
	at org.openqa.selenium.remote.ErrorHandler.createThrowable(ErrorHandler.java:214)
	at org.openqa.selenium.remote.ErrorHandler.throwIfResponseFailed(ErrorHandler.java:166)
	at org.openqa.selenium.remote.http.JsonHttpResponseCodec.reconstructValue(JsonHttpResponseCodec.java:40)
	at org.openqa.selenium.remote.http.AbstractHttpResponseCodec.decode(AbstractHttpResponseCodec.java:80)
	at org.openqa.selenium.remote.http.AbstractHttpResponseCodec.decode(AbstractHttpResponseCodec.java:44)
	at org.openqa.selenium.remote.HttpCommandExecutor.execute(HttpCommandExecutor.java:158)
	at org.openqa.selenium.remote.service.DriverCommandExecutor.execute(DriverCommandExecutor.java:83)
	at org.openqa.selenium.remote.RemoteWebDriver.execute(RemoteWebDriver.java:552)
	at org.openqa.selenium.remote.RemoteWebElement.execute(RemoteWebElement.java:285)
	at org.openqa.selenium.remote.RemoteWebElement.click(RemoteWebElement.java:84)
	at AutomationFramework.pre_login_functionality.prelogin_commentslider_close(pre_login_functionality.java:162)
	at sun.reflect.NativeMethodAccessorImpl.invoke0(Native Method)
	at sun.reflect.NativeMethodAccessorImpl.invoke(Unknown Source)
	at sun.reflect.DelegatingMethodAccessorImpl.invoke(Unknown Source)
	at java.lang.reflect.Method.invoke(Unknown Source)
	at org.testng.internal.MethodInvocationHelper.invokeMethod(MethodInvocationHelper.java:133)
	at org.testng.internal.TestInvoker.invokeMethod(TestInvoker.java:584)
	at org.testng.internal.TestInvoker.invokeTestMethod(TestInvoker.java:172)
	at org.testng.internal.MethodRunner.runInSequence(MethodRunner.java:46)
	at org.testng.internal.TestInvoker$MethodInvocationAgent.invoke(TestInvoker.java:804)
	at org.testng.internal.TestInvoker.invokeTestMethods(TestInvoker.java:145)
	at org.testng.internal.TestMethodWorker.invokeTestMethods(TestMethodWorker.java:146)
	at org.testng.internal.TestMethodWorker.run(TestMethodWorker.java:128)
	at java.util.ArrayList.forEach(Unknown Source)
	at org.testng.TestRunner.privateRun(TestRunner.java:770)
	at org.testng.TestRunner.run(TestRunner.java:591)
	at org.testng.SuiteRunner.runTest(SuiteRunner.java:402)
	at org.testng.SuiteRunner.runSequentially(SuiteRunner.java:396)
	at org.testng.SuiteRunner.privateRun(SuiteRunner.java:355)
	at org.testng.SuiteRunner.run(SuiteRunner.java:304)
	at org.testng.SuiteRunnerWorker.runSuite(SuiteRunnerWorker.java:53)
	at org.testng.SuiteRunnerWorker.run(SuiteRunnerWorker.java:96)
	at org.testng.TestNG.runSuitesSequentially(TestNG.java:1180)
	at org.testng.TestNG.runSuitesLocally(TestNG.java:1102)
	at org.testng.TestNG.runSuites(TestNG.java:1032)
	at org.testng.TestNG.run(TestNG.java:1000)
	at org.testng.remote.AbstractRemoteTestNG.run(AbstractRemoteTestNG.java:115)
	at org.testng.remote.RemoteTestNG.initAndRun(RemoteTestNG.java:251)
	at org.testng.remote.RemoteTestNG.main(RemoteTestNG.java:77)
</pre></div></td>
<td>35</td>
<td>AutomationFramework.pre_login_functionality@7ce6a65d</td></tr>
<tr>
<td title='AutomationFramework.pre_login_functionality.prelogin_report_on_debate()'><b>prelogin_report_on_debate</b><br>Test class: AutomationFramework.pre_login_functionality<br/>
<a href="#Output-1684958471" onClick='toggleBox("Output-1684958471", this, "Show output", "Hide output");'>Show output</a>

<a href="#Output-1684958471" onClick="toggleAllBoxes();">Show all outputs</a>
<div class='log' id="Output-1684958471">
About to begin executing following method : pre_login_functionality.prelogin_report_on_debate<br/>
Completed executing following method : pre_login_functionality.prelogin_report_on_debate<br/>
Test Method resides in AutomationFramework.pre_login_functionality<br/>
Test Status: Skipped<br/>
</div>
</td>
<td><div><pre>org.openqa.selenium.ElementNotVisibleException: element not visible
  (Session info: chrome=79.0.3945.117)
  (Driver info: chromedriver=2.37.544315 (730aa6a5fdba159ac9f4c1e8cbc59bf1b5ce12b7),platform=Windows NT 6.3.9600 x86_64) (WARNING: The server did not provide any stacktrace information)
Command duration or timeout: 0 milliseconds
Build info: version: &apos;3.141.59&apos;, revision: &apos;e82be7d358&apos;, time: &apos;2018-11-14T08:25:48&apos;
System info: host: &apos;VIKAS-PC&apos;, ip: &apos;192.168.50.169&apos;, os.name: &apos;Windows 8.1&apos;, os.arch: &apos;amd64&apos;, os.version: &apos;6.3&apos;, java.version: &apos;1.8.0_231&apos;
Driver info: org.openqa.selenium.chrome.ChromeDriver
Capabilities {acceptInsecureCerts: false, acceptSslCerts: false, applicationCacheEnabled: false, browserConnectionEnabled: false, browserName: chrome, chrome: {chromedriverVersion: 2.37.544315 (730aa6a5fdba15..., userDataDir: C:\Users\VIKAS~1.III\AppDat...}, cssSelectorsEnabled: true, databaseEnabled: false, handlesAlerts: true, hasTouchScreen: false, javascriptEnabled: true, locationContextEnabled: true, mobileEmulationEnabled: false, nativeEvents: true, networkConnectionEnabled: false, pageLoadStrategy: normal, platform: XP, platformName: XP, rotatable: false, setWindowRect: true, takesHeapSnapshot: true, takesScreenshot: true, unexpectedAlertBehaviour: , unhandledPromptBehavior: , version: 79.0.3945.117, webStorageEnabled: true}
Session ID: 6abbc99673752d7ee39f1577d45785d7
	at org.openqa.selenium.remote.ErrorHandler.createThrowable(ErrorHandler.java:214)
	at org.openqa.selenium.remote.ErrorHandler.throwIfResponseFailed(ErrorHandler.java:166)
	at org.openqa.selenium.remote.http.JsonHttpResponseCodec.reconstructValue(JsonHttpResponseCodec.java:40)
	at org.openqa.selenium.remote.http.AbstractHttpResponseCodec.decode(AbstractHttpResponseCodec.java:80)
	at org.openqa.selenium.remote.http.AbstractHttpResponseCodec.decode(AbstractHttpResponseCodec.java:44)
	at org.openqa.selenium.remote.HttpCommandExecutor.execute(HttpCommandExecutor.java:158)
	at org.openqa.selenium.remote.service.DriverCommandExecutor.execute(DriverCommandExecutor.java:83)
	at org.openqa.selenium.remote.RemoteWebDriver.execute(RemoteWebDriver.java:552)
	at org.openqa.selenium.remote.RemoteWebElement.execute(RemoteWebElement.java:285)
	at org.openqa.selenium.remote.RemoteWebElement.click(RemoteWebElement.java:84)
	at AutomationFramework.pre_login_functionality.prelogin_report_on_debate(pre_login_functionality.java:232)
	at java.util.ArrayList.forEach(Unknown Source)
... Removed 31 stack frames</pre></div><a href='#' onClick='toggleBox("stack-trace1684958471", this, "Click to show all stack frames", "Click to hide stack frames")'>Click to show all stack frames</a>
<div class='stack-trace' id='stack-trace1684958471'><pre>org.openqa.selenium.ElementNotVisibleException: element not visible
  (Session info: chrome=79.0.3945.117)
  (Driver info: chromedriver=2.37.544315 (730aa6a5fdba159ac9f4c1e8cbc59bf1b5ce12b7),platform=Windows NT 6.3.9600 x86_64) (WARNING: The server did not provide any stacktrace information)
Command duration or timeout: 0 milliseconds
Build info: version: &apos;3.141.59&apos;, revision: &apos;e82be7d358&apos;, time: &apos;2018-11-14T08:25:48&apos;
System info: host: &apos;VIKAS-PC&apos;, ip: &apos;192.168.50.169&apos;, os.name: &apos;Windows 8.1&apos;, os.arch: &apos;amd64&apos;, os.version: &apos;6.3&apos;, java.version: &apos;1.8.0_231&apos;
Driver info: org.openqa.selenium.chrome.ChromeDriver
Capabilities {acceptInsecureCerts: false, acceptSslCerts: false, applicationCacheEnabled: false, browserConnectionEnabled: false, browserName: chrome, chrome: {chromedriverVersion: 2.37.544315 (730aa6a5fdba15..., userDataDir: C:\Users\VIKAS~1.III\AppDat...}, cssSelectorsEnabled: true, databaseEnabled: false, handlesAlerts: true, hasTouchScreen: false, javascriptEnabled: true, locationContextEnabled: true, mobileEmulationEnabled: false, nativeEvents: true, networkConnectionEnabled: false, pageLoadStrategy: normal, platform: XP, platformName: XP, rotatable: false, setWindowRect: true, takesHeapSnapshot: true, takesScreenshot: true, unexpectedAlertBehaviour: , unhandledPromptBehavior: , version: 79.0.3945.117, webStorageEnabled: true}
Session ID: 6abbc99673752d7ee39f1577d45785d7
	at sun.reflect.NativeConstructorAccessorImpl.newInstance0(Native Method)
	at sun.reflect.NativeConstructorAccessorImpl.newInstance(Unknown Source)
	at sun.reflect.DelegatingConstructorAccessorImpl.newInstance(Unknown Source)
	at java.lang.reflect.Constructor.newInstance(Unknown Source)
	at org.openqa.selenium.remote.ErrorHandler.createThrowable(ErrorHandler.java:214)
	at org.openqa.selenium.remote.ErrorHandler.throwIfResponseFailed(ErrorHandler.java:166)
	at org.openqa.selenium.remote.http.JsonHttpResponseCodec.reconstructValue(JsonHttpResponseCodec.java:40)
	at org.openqa.selenium.remote.http.AbstractHttpResponseCodec.decode(AbstractHttpResponseCodec.java:80)
	at org.openqa.selenium.remote.http.AbstractHttpResponseCodec.decode(AbstractHttpResponseCodec.java:44)
	at org.openqa.selenium.remote.HttpCommandExecutor.execute(HttpCommandExecutor.java:158)
	at org.openqa.selenium.remote.service.DriverCommandExecutor.execute(DriverCommandExecutor.java:83)
	at org.openqa.selenium.remote.RemoteWebDriver.execute(RemoteWebDriver.java:552)
	at org.openqa.selenium.remote.RemoteWebElement.execute(RemoteWebElement.java:285)
	at org.openqa.selenium.remote.RemoteWebElement.click(RemoteWebElement.java:84)
	at AutomationFramework.pre_login_functionality.prelogin_report_on_debate(pre_login_functionality.java:232)
	at sun.reflect.NativeMethodAccessorImpl.invoke0(Native Method)
	at sun.reflect.NativeMethodAccessorImpl.invoke(Unknown Source)
	at sun.reflect.DelegatingMethodAccessorImpl.invoke(Unknown Source)
	at java.lang.reflect.Method.invoke(Unknown Source)
	at org.testng.internal.MethodInvocationHelper.invokeMethod(MethodInvocationHelper.java:133)
	at org.testng.internal.TestInvoker.invokeMethod(TestInvoker.java:584)
	at org.testng.internal.TestInvoker.invokeTestMethod(TestInvoker.java:172)
	at org.testng.internal.MethodRunner.runInSequence(MethodRunner.java:46)
	at org.testng.internal.TestInvoker$MethodInvocationAgent.invoke(TestInvoker.java:804)
	at org.testng.internal.TestInvoker.invokeTestMethods(TestInvoker.java:145)
	at org.testng.internal.TestMethodWorker.invokeTestMethods(TestMethodWorker.java:146)
	at org.testng.internal.TestMethodWorker.run(TestMethodWorker.java:128)
	at java.util.ArrayList.forEach(Unknown Source)
	at org.testng.TestRunner.privateRun(TestRunner.java:770)
	at org.testng.TestRunner.run(TestRunner.java:591)
	at org.testng.SuiteRunner.runTest(SuiteRunner.java:402)
	at org.testng.SuiteRunner.runSequentially(SuiteRunner.java:396)
	at org.testng.SuiteRunner.privateRun(SuiteRunner.java:355)
	at org.testng.SuiteRunner.run(SuiteRunner.java:304)
	at org.testng.SuiteRunnerWorker.runSuite(SuiteRunnerWorker.java:53)
	at org.testng.SuiteRunnerWorker.run(SuiteRunnerWorker.java:96)
	at org.testng.TestNG.runSuitesSequentially(TestNG.java:1180)
	at org.testng.TestNG.runSuitesLocally(TestNG.java:1102)
	at org.testng.TestNG.runSuites(TestNG.java:1032)
	at org.testng.TestNG.run(TestNG.java:1000)
	at org.testng.remote.AbstractRemoteTestNG.run(AbstractRemoteTestNG.java:115)
	at org.testng.remote.RemoteTestNG.initAndRun(RemoteTestNG.java:251)
	at org.testng.remote.RemoteTestNG.main(RemoteTestNG.java:77)
</pre></div></td>
<td>31</td>
<td>AutomationFramework.pre_login_functionality@7ce6a65d</td></tr>
</table><p>
</body>
</html>