<?xml version="1.0" encoding="UTF-8"?>
<!-- Generated by org.testng.reporters.JUnitXMLReporter -->
<testsuite hostname="Vikas-PC" ignored="0" name="firefox" tests="62" failures="7" timestamp="2020-01-09T14:17:19 IST" time="1572.95" errors="0">
  <testcase name="main" time="178.723" classname="AutomationFramework.Signup"/>
  <testcase name="main" time="9.693" classname="AutomationFramework.Login"/>
  <testcase name="login" time="25.405" classname="AutomationFramework.Debate"/>
  <testcase name="login" time="59.64" classname="AutomationFramework.DebateShare">
    <skipped/>
  </testcase> <!-- login -->
  <testcase name="login" time="57.095" classname="AutomationFramework.DebateShare">
    <skipped/>
  </testcase> <!-- login -->
  <testcase name="login" time="60.511" classname="AutomationFramework.DebateShare">
    <skipped/>
  </testcase> <!-- login -->
  <testcase name="login" time="66.214" classname="AutomationFramework.DebateShare">
    <skipped/>
  </testcase> <!-- login -->
  <testcase name="login" time="84.513" classname="AutomationFramework.DebateShare">
    <failure type="org.openqa.selenium.ElementNotInteractableException" message="Element &amp;lt;button class=&amp;quot;close&amp;quot; type=&amp;quot;button&amp;quot;&amp;gt; could not be scrolled into view
Build info: version: &amp;apos;3.141.59&amp;apos;, revision: &amp;apos;e82be7d358&amp;apos;, time: &amp;apos;2018-11-14T08:25:48&amp;apos;
System info: host: &amp;apos;VIKAS-PC&amp;apos;, ip: &amp;apos;192.168.50.169&amp;apos;, os.name: &amp;apos;Windows 8.1&amp;apos;, os.arch: &amp;apos;amd64&amp;apos;, os.version: &amp;apos;6.3&amp;apos;, java.version: &amp;apos;1.8.0_231&amp;apos;
Driver info: org.openqa.selenium.firefox.FirefoxDriver
Capabilities {acceptInsecureCerts: true, browserName: firefox, browserVersion: 71.0, javascriptEnabled: true, moz:accessibilityChecks: false, moz:buildID: 20191202093317, moz:geckodriverVersion: 0.24.0, moz:headless: false, moz:processID: 11936, moz:profile: C:\Users\vikas.IIIPL\AppDat..., moz:shutdownTimeout: 60000, moz:useNonSpecCompliantPointerOrigin: false, moz:webdriverClick: true, pageLoadStrategy: normal, platform: WINDOWS, platformName: WINDOWS, platformVersion: 6.3, rotatable: false, setWindowRect: true, strictFileInteractability: false, timeouts: {implicit: 0, pageLoad: 300000, script: 30000}, unhandledPromptBehavior: dismiss and notify}
Session ID: 0be79e42-8981-4c49-9ea4-2979a25f7245">
      <![CDATA[org.openqa.selenium.ElementNotInteractableException: Element <button class="close" type="button"> could not be scrolled into view
Build info: version: '3.141.59', revision: 'e82be7d358', time: '2018-11-14T08:25:48'
System info: host: 'VIKAS-PC', ip: '192.168.50.169', os.name: 'Windows 8.1', os.arch: 'amd64', os.version: '6.3', java.version: '1.8.0_231'
Driver info: org.openqa.selenium.firefox.FirefoxDriver
Capabilities {acceptInsecureCerts: true, browserName: firefox, browserVersion: 71.0, javascriptEnabled: true, moz:accessibilityChecks: false, moz:buildID: 20191202093317, moz:geckodriverVersion: 0.24.0, moz:headless: false, moz:processID: 11936, moz:profile: C:\Users\vikas.IIIPL\AppDat..., moz:shutdownTimeout: 60000, moz:useNonSpecCompliantPointerOrigin: false, moz:webdriverClick: true, pageLoadStrategy: normal, platform: WINDOWS, platformName: WINDOWS, platformVersion: 6.3, rotatable: false, setWindowRect: true, strictFileInteractability: false, timeouts: {implicit: 0, pageLoad: 300000, script: 30000}, unhandledPromptBehavior: dismiss and notify}
Session ID: 0be79e42-8981-4c49-9ea4-2979a25f7245
at org.openqa.selenium.remote.http.W3CHttpResponseCodec.createException(W3CHttpResponseCodec.java:187)
at org.openqa.selenium.remote.http.W3CHttpResponseCodec.decode(W3CHttpResponseCodec.java:122)
at org.openqa.selenium.remote.http.W3CHttpResponseCodec.decode(W3CHttpResponseCodec.java:49)
at org.openqa.selenium.remote.HttpCommandExecutor.execute(HttpCommandExecutor.java:158)
at org.openqa.selenium.remote.service.DriverCommandExecutor.execute(DriverCommandExecutor.java:83)
at org.openqa.selenium.remote.RemoteWebDriver.execute(RemoteWebDriver.java:552)
at org.openqa.selenium.remote.RemoteWebElement.execute(RemoteWebElement.java:285)
at org.openqa.selenium.remote.RemoteWebElement.click(RemoteWebElement.java:84)
at AutomationFramework.DebateShare.login(DebateShare.java:61)
at java.util.ArrayList.forEach(Unknown Source)
at java.util.concurrent.FutureTask.run(Unknown Source)
at java.util.concurrent.ThreadPoolExecutor.runWorker(Unknown Source)
at java.util.concurrent.ThreadPoolExecutor$Worker.run(Unknown Source)
at java.lang.Thread.run(Unknown Source)
... Removed 22 stack frames]]>
    </failure>
  </testcase> <!-- login -->
  <testcase name="login" time="39.458" classname="AutomationFramework.AddArgumentandComments">
    <skipped/>
  </testcase> <!-- login -->
  <testcase name="login" time="47.907" classname="AutomationFramework.AddArgumentandComments">
    <skipped/>
  </testcase> <!-- login -->
  <testcase name="login" time="34.626" classname="AutomationFramework.AddArgumentandComments">
    <skipped/>
  </testcase> <!-- login -->
  <testcase name="login" time="46.949" classname="AutomationFramework.AddArgumentandComments">
    <skipped/>
  </testcase> <!-- login -->
  <testcase name="login" time="45.238" classname="AutomationFramework.AddArgumentandComments">
    <failure type="org.openqa.selenium.ElementNotInteractableException" message="Element &amp;lt;button class=&amp;quot;close&amp;quot; type=&amp;quot;button&amp;quot;&amp;gt; could not be scrolled into view
Build info: version: &amp;apos;3.141.59&amp;apos;, revision: &amp;apos;e82be7d358&amp;apos;, time: &amp;apos;2018-11-14T08:25:48&amp;apos;
System info: host: &amp;apos;VIKAS-PC&amp;apos;, ip: &amp;apos;192.168.50.169&amp;apos;, os.name: &amp;apos;Windows 8.1&amp;apos;, os.arch: &amp;apos;amd64&amp;apos;, os.version: &amp;apos;6.3&amp;apos;, java.version: &amp;apos;1.8.0_231&amp;apos;
Driver info: org.openqa.selenium.firefox.FirefoxDriver
Capabilities {acceptInsecureCerts: true, browserName: firefox, browserVersion: 71.0, javascriptEnabled: true, moz:accessibilityChecks: false, moz:buildID: 20191202093317, moz:geckodriverVersion: 0.24.0, moz:headless: false, moz:processID: 16924, moz:profile: C:\Users\vikas.IIIPL\AppDat..., moz:shutdownTimeout: 60000, moz:useNonSpecCompliantPointerOrigin: false, moz:webdriverClick: true, pageLoadStrategy: normal, platform: WINDOWS, platformName: WINDOWS, platformVersion: 6.3, rotatable: false, setWindowRect: true, strictFileInteractability: false, timeouts: {implicit: 0, pageLoad: 300000, script: 30000}, unhandledPromptBehavior: dismiss and notify}
Session ID: c4b84f7a-ce35-4a1d-9026-1976e0eac90b">
      <![CDATA[org.openqa.selenium.ElementNotInteractableException: Element <button class="close" type="button"> could not be scrolled into view
Build info: version: '3.141.59', revision: 'e82be7d358', time: '2018-11-14T08:25:48'
System info: host: 'VIKAS-PC', ip: '192.168.50.169', os.name: 'Windows 8.1', os.arch: 'amd64', os.version: '6.3', java.version: '1.8.0_231'
Driver info: org.openqa.selenium.firefox.FirefoxDriver
Capabilities {acceptInsecureCerts: true, browserName: firefox, browserVersion: 71.0, javascriptEnabled: true, moz:accessibilityChecks: false, moz:buildID: 20191202093317, moz:geckodriverVersion: 0.24.0, moz:headless: false, moz:processID: 16924, moz:profile: C:\Users\vikas.IIIPL\AppDat..., moz:shutdownTimeout: 60000, moz:useNonSpecCompliantPointerOrigin: false, moz:webdriverClick: true, pageLoadStrategy: normal, platform: WINDOWS, platformName: WINDOWS, platformVersion: 6.3, rotatable: false, setWindowRect: true, strictFileInteractability: false, timeouts: {implicit: 0, pageLoad: 300000, script: 30000}, unhandledPromptBehavior: dismiss and notify}
Session ID: c4b84f7a-ce35-4a1d-9026-1976e0eac90b
at org.openqa.selenium.remote.http.W3CHttpResponseCodec.createException(W3CHttpResponseCodec.java:187)
at org.openqa.selenium.remote.http.W3CHttpResponseCodec.decode(W3CHttpResponseCodec.java:122)
at org.openqa.selenium.remote.http.W3CHttpResponseCodec.decode(W3CHttpResponseCodec.java:49)
at org.openqa.selenium.remote.HttpCommandExecutor.execute(HttpCommandExecutor.java:158)
at org.openqa.selenium.remote.service.DriverCommandExecutor.execute(DriverCommandExecutor.java:83)
at org.openqa.selenium.remote.RemoteWebDriver.execute(RemoteWebDriver.java:552)
at org.openqa.selenium.remote.RemoteWebElement.execute(RemoteWebElement.java:285)
at org.openqa.selenium.remote.RemoteWebElement.click(RemoteWebElement.java:84)
at AutomationFramework.AddArgumentandComments.login(AddArgumentandComments.java:47)
at java.util.ArrayList.forEach(Unknown Source)
at java.util.concurrent.FutureTask.run(Unknown Source)
at java.util.concurrent.ThreadPoolExecutor.runWorker(Unknown Source)
at java.util.concurrent.ThreadPoolExecutor$Worker.run(Unknown Source)
at java.lang.Thread.run(Unknown Source)
... Removed 22 stack frames]]>
    </failure>
  </testcase> <!-- login -->
  <testcase name="Loginuser" time="63.006" classname="AutomationFramework.MyProfile">
    <skipped/>
  </testcase> <!-- Loginuser -->
  <testcase name="Loginuser" time="43.942" classname="AutomationFramework.MyProfile">
    <skipped/>
  </testcase> <!-- Loginuser -->
  <testcase name="Loginuser" time="21.725" classname="AutomationFramework.MyProfile">
    <skipped/>
  </testcase> <!-- Loginuser -->
  <testcase name="Loginuser" time="28.706" classname="AutomationFramework.MyProfile">
    <skipped/>
  </testcase> <!-- Loginuser -->
  <testcase name="Loginuser" time="21.292" classname="AutomationFramework.MyProfile">
    <failure type="org.openqa.selenium.WebDriverException" message="Failed to convert data to an object
Build info: version: &amp;apos;3.141.59&amp;apos;, revision: &amp;apos;e82be7d358&amp;apos;, time: &amp;apos;2018-11-14T08:25:48&amp;apos;
System info: host: &amp;apos;VIKAS-PC&amp;apos;, ip: &amp;apos;192.168.50.169&amp;apos;, os.name: &amp;apos;Windows 8.1&amp;apos;, os.arch: &amp;apos;amd64&amp;apos;, os.version: &amp;apos;6.3&amp;apos;, java.version: &amp;apos;1.8.0_231&amp;apos;
Driver info: org.openqa.selenium.firefox.FirefoxDriver
Capabilities {acceptInsecureCerts: true, browserName: firefox, browserVersion: 71.0, javascriptEnabled: true, moz:accessibilityChecks: false, moz:buildID: 20191202093317, moz:geckodriverVersion: 0.24.0, moz:headless: false, moz:processID: 3372, moz:profile: C:\Users\vikas.IIIPL\AppDat..., moz:shutdownTimeout: 60000, moz:useNonSpecCompliantPointerOrigin: false, moz:webdriverClick: true, pageLoadStrategy: normal, platform: WINDOWS, platformName: WINDOWS, platformVersion: 6.3, rotatable: false, setWindowRect: true, strictFileInteractability: false, timeouts: {implicit: 0, pageLoad: 300000, script: 30000}, unhandledPromptBehavior: dismiss and notify}
Session ID: b1b5eb7b-6fd4-44b1-b709-d0d72d5ccd11
*** Element info: {Using=xpath, value=/html/body/header/div/div[1]/a[2]}">
      <![CDATA[org.openqa.selenium.WebDriverException: Failed to convert data to an object
Build info: version: '3.141.59', revision: 'e82be7d358', time: '2018-11-14T08:25:48'
System info: host: 'VIKAS-PC', ip: '192.168.50.169', os.name: 'Windows 8.1', os.arch: 'amd64', os.version: '6.3', java.version: '1.8.0_231'
Driver info: org.openqa.selenium.firefox.FirefoxDriver
Capabilities {acceptInsecureCerts: true, browserName: firefox, browserVersion: 71.0, javascriptEnabled: true, moz:accessibilityChecks: false, moz:buildID: 20191202093317, moz:geckodriverVersion: 0.24.0, moz:headless: false, moz:processID: 3372, moz:profile: C:\Users\vikas.IIIPL\AppDat..., moz:shutdownTimeout: 60000, moz:useNonSpecCompliantPointerOrigin: false, moz:webdriverClick: true, pageLoadStrategy: normal, platform: WINDOWS, platformName: WINDOWS, platformVersion: 6.3, rotatable: false, setWindowRect: true, strictFileInteractability: false, timeouts: {implicit: 0, pageLoad: 300000, script: 30000}, unhandledPromptBehavior: dismiss and notify}
Session ID: b1b5eb7b-6fd4-44b1-b709-d0d72d5ccd11
*** Element info: {Using=xpath, value=/html/body/header/div/div[1]/a[2]}
at org.openqa.selenium.remote.http.W3CHttpResponseCodec.createException(W3CHttpResponseCodec.java:187)
at org.openqa.selenium.remote.http.W3CHttpResponseCodec.decode(W3CHttpResponseCodec.java:122)
at org.openqa.selenium.remote.http.W3CHttpResponseCodec.decode(W3CHttpResponseCodec.java:49)
at org.openqa.selenium.remote.HttpCommandExecutor.execute(HttpCommandExecutor.java:158)
at org.openqa.selenium.remote.service.DriverCommandExecutor.execute(DriverCommandExecutor.java:83)
at org.openqa.selenium.remote.RemoteWebDriver.execute(RemoteWebDriver.java:552)
at org.openqa.selenium.remote.RemoteWebDriver.findElement(RemoteWebDriver.java:323)
at org.openqa.selenium.remote.RemoteWebDriver.findElementByXPath(RemoteWebDriver.java:428)
at org.openqa.selenium.By$ByXPath.findElement(By.java:353)
at org.openqa.selenium.remote.RemoteWebDriver.findElement(RemoteWebDriver.java:315)
at AutomationFramework.MyProfile.Loginuser(MyProfile.java:50)
at java.util.ArrayList.forEach(Unknown Source)
at java.util.concurrent.FutureTask.run(Unknown Source)
at java.util.concurrent.ThreadPoolExecutor.runWorker(Unknown Source)
at java.util.concurrent.ThreadPoolExecutor$Worker.run(Unknown Source)
at java.lang.Thread.run(Unknown Source)
... Removed 22 stack frames]]>
    </failure>
  </testcase> <!-- Loginuser -->
  <testcase name="login" time="38.309" classname="AutomationFramework.SettingPage">
    <skipped/>
  </testcase> <!-- login -->
  <testcase name="login" time="36.01" classname="AutomationFramework.SettingPage">
    <skipped/>
  </testcase> <!-- login -->
  <testcase name="login" time="37.962" classname="AutomationFramework.SettingPage">
    <skipped/>
  </testcase> <!-- login -->
  <testcase name="login" time="34.332" classname="AutomationFramework.SettingPage">
    <skipped/>
  </testcase> <!-- login -->
  <testcase name="login" time="31.572" classname="AutomationFramework.SettingPage">
    <failure type="org.openqa.selenium.ElementClickInterceptedException" message="Element &amp;lt;div class=&amp;quot;user-profile&amp;quot;&amp;gt; is not clickable at point (1214,38) because another element &amp;lt;div id=&amp;quot;loader&amp;quot; class=&amp;quot;loader-top&amp;quot;&amp;gt; obscures it
Build info: version: &amp;apos;3.141.59&amp;apos;, revision: &amp;apos;e82be7d358&amp;apos;, time: &amp;apos;2018-11-14T08:25:48&amp;apos;
System info: host: &amp;apos;VIKAS-PC&amp;apos;, ip: &amp;apos;192.168.50.169&amp;apos;, os.name: &amp;apos;Windows 8.1&amp;apos;, os.arch: &amp;apos;amd64&amp;apos;, os.version: &amp;apos;6.3&amp;apos;, java.version: &amp;apos;1.8.0_231&amp;apos;
Driver info: org.openqa.selenium.firefox.FirefoxDriver
Capabilities {acceptInsecureCerts: true, browserName: firefox, browserVersion: 71.0, javascriptEnabled: true, moz:accessibilityChecks: false, moz:buildID: 20191202093317, moz:geckodriverVersion: 0.24.0, moz:headless: false, moz:processID: 2164, moz:profile: C:\Users\vikas.IIIPL\AppDat..., moz:shutdownTimeout: 60000, moz:useNonSpecCompliantPointerOrigin: false, moz:webdriverClick: true, pageLoadStrategy: normal, platform: WINDOWS, platformName: WINDOWS, platformVersion: 6.3, rotatable: false, setWindowRect: true, strictFileInteractability: false, timeouts: {implicit: 0, pageLoad: 300000, script: 30000}, unhandledPromptBehavior: dismiss and notify}
Session ID: f651dbdc-32a1-4206-9fee-1711758ce80a">
      <![CDATA[org.openqa.selenium.ElementClickInterceptedException: Element <div class="user-profile"> is not clickable at point (1214,38) because another element <div id="loader" class="loader-top"> obscures it
Build info: version: '3.141.59', revision: 'e82be7d358', time: '2018-11-14T08:25:48'
System info: host: 'VIKAS-PC', ip: '192.168.50.169', os.name: 'Windows 8.1', os.arch: 'amd64', os.version: '6.3', java.version: '1.8.0_231'
Driver info: org.openqa.selenium.firefox.FirefoxDriver
Capabilities {acceptInsecureCerts: true, browserName: firefox, browserVersion: 71.0, javascriptEnabled: true, moz:accessibilityChecks: false, moz:buildID: 20191202093317, moz:geckodriverVersion: 0.24.0, moz:headless: false, moz:processID: 2164, moz:profile: C:\Users\vikas.IIIPL\AppDat..., moz:shutdownTimeout: 60000, moz:useNonSpecCompliantPointerOrigin: false, moz:webdriverClick: true, pageLoadStrategy: normal, platform: WINDOWS, platformName: WINDOWS, platformVersion: 6.3, rotatable: false, setWindowRect: true, strictFileInteractability: false, timeouts: {implicit: 0, pageLoad: 300000, script: 30000}, unhandledPromptBehavior: dismiss and notify}
Session ID: f651dbdc-32a1-4206-9fee-1711758ce80a
at org.openqa.selenium.remote.http.W3CHttpResponseCodec.createException(W3CHttpResponseCodec.java:187)
at org.openqa.selenium.remote.http.W3CHttpResponseCodec.decode(W3CHttpResponseCodec.java:122)
at org.openqa.selenium.remote.http.W3CHttpResponseCodec.decode(W3CHttpResponseCodec.java:49)
at org.openqa.selenium.remote.HttpCommandExecutor.execute(HttpCommandExecutor.java:158)
at org.openqa.selenium.remote.service.DriverCommandExecutor.execute(DriverCommandExecutor.java:83)
at org.openqa.selenium.remote.RemoteWebDriver.execute(RemoteWebDriver.java:552)
at org.openqa.selenium.remote.RemoteWebElement.execute(RemoteWebElement.java:285)
at org.openqa.selenium.remote.RemoteWebElement.click(RemoteWebElement.java:84)
at AutomationFramework.SettingPage.login(SettingPage.java:62)
at java.util.ArrayList.forEach(Unknown Source)
at java.util.concurrent.FutureTask.run(Unknown Source)
at java.util.concurrent.ThreadPoolExecutor.runWorker(Unknown Source)
at java.util.concurrent.ThreadPoolExecutor$Worker.run(Unknown Source)
at java.lang.Thread.run(Unknown Source)
... Removed 22 stack frames]]>
    </failure>
  </testcase> <!-- login -->
  <testcase name="login" time="34.008" classname="AutomationFramework.Voting_functionality">
    <skipped/>
  </testcase> <!-- login -->
  <testcase name="login" time="39.184" classname="AutomationFramework.Voting_functionality">
    <skipped/>
  </testcase> <!-- login -->
  <testcase name="login" time="31.076" classname="AutomationFramework.Voting_functionality">
    <skipped/>
  </testcase> <!-- login -->
  <testcase name="login" time="32.726" classname="AutomationFramework.Voting_functionality">
    <skipped/>
  </testcase> <!-- login -->
  <testcase name="login" time="35.422" classname="AutomationFramework.Voting_functionality">
    <failure type="org.openqa.selenium.ElementNotInteractableException" message="Element &amp;lt;button class=&amp;quot;close&amp;quot; type=&amp;quot;button&amp;quot;&amp;gt; could not be scrolled into view
Build info: version: &amp;apos;3.141.59&amp;apos;, revision: &amp;apos;e82be7d358&amp;apos;, time: &amp;apos;2018-11-14T08:25:48&amp;apos;
System info: host: &amp;apos;VIKAS-PC&amp;apos;, ip: &amp;apos;192.168.50.169&amp;apos;, os.name: &amp;apos;Windows 8.1&amp;apos;, os.arch: &amp;apos;amd64&amp;apos;, os.version: &amp;apos;6.3&amp;apos;, java.version: &amp;apos;1.8.0_231&amp;apos;
Driver info: org.openqa.selenium.firefox.FirefoxDriver
Capabilities {acceptInsecureCerts: true, browserName: firefox, browserVersion: 71.0, javascriptEnabled: true, moz:accessibilityChecks: false, moz:buildID: 20191202093317, moz:geckodriverVersion: 0.24.0, moz:headless: false, moz:processID: 4456, moz:profile: C:\Users\vikas.IIIPL\AppDat..., moz:shutdownTimeout: 60000, moz:useNonSpecCompliantPointerOrigin: false, moz:webdriverClick: true, pageLoadStrategy: normal, platform: WINDOWS, platformName: WINDOWS, platformVersion: 6.3, rotatable: false, setWindowRect: true, strictFileInteractability: false, timeouts: {implicit: 0, pageLoad: 300000, script: 30000}, unhandledPromptBehavior: dismiss and notify}
Session ID: 4f8ead05-aeb4-4a64-bb6d-90fd038479e3">
      <![CDATA[org.openqa.selenium.ElementNotInteractableException: Element <button class="close" type="button"> could not be scrolled into view
Build info: version: '3.141.59', revision: 'e82be7d358', time: '2018-11-14T08:25:48'
System info: host: 'VIKAS-PC', ip: '192.168.50.169', os.name: 'Windows 8.1', os.arch: 'amd64', os.version: '6.3', java.version: '1.8.0_231'
Driver info: org.openqa.selenium.firefox.FirefoxDriver
Capabilities {acceptInsecureCerts: true, browserName: firefox, browserVersion: 71.0, javascriptEnabled: true, moz:accessibilityChecks: false, moz:buildID: 20191202093317, moz:geckodriverVersion: 0.24.0, moz:headless: false, moz:processID: 4456, moz:profile: C:\Users\vikas.IIIPL\AppDat..., moz:shutdownTimeout: 60000, moz:useNonSpecCompliantPointerOrigin: false, moz:webdriverClick: true, pageLoadStrategy: normal, platform: WINDOWS, platformName: WINDOWS, platformVersion: 6.3, rotatable: false, setWindowRect: true, strictFileInteractability: false, timeouts: {implicit: 0, pageLoad: 300000, script: 30000}, unhandledPromptBehavior: dismiss and notify}
Session ID: 4f8ead05-aeb4-4a64-bb6d-90fd038479e3
at org.openqa.selenium.remote.http.W3CHttpResponseCodec.createException(W3CHttpResponseCodec.java:187)
at org.openqa.selenium.remote.http.W3CHttpResponseCodec.decode(W3CHttpResponseCodec.java:122)
at org.openqa.selenium.remote.http.W3CHttpResponseCodec.decode(W3CHttpResponseCodec.java:49)
at org.openqa.selenium.remote.HttpCommandExecutor.execute(HttpCommandExecutor.java:158)
at org.openqa.selenium.remote.service.DriverCommandExecutor.execute(DriverCommandExecutor.java:83)
at org.openqa.selenium.remote.RemoteWebDriver.execute(RemoteWebDriver.java:552)
at org.openqa.selenium.remote.RemoteWebElement.execute(RemoteWebElement.java:285)
at org.openqa.selenium.remote.RemoteWebElement.click(RemoteWebElement.java:84)
at AutomationFramework.Voting_functionality.login(Voting_functionality.java:50)
at java.util.ArrayList.forEach(Unknown Source)
at java.util.concurrent.FutureTask.run(Unknown Source)
at java.util.concurrent.ThreadPoolExecutor.runWorker(Unknown Source)
at java.util.concurrent.ThreadPoolExecutor$Worker.run(Unknown Source)
at java.lang.Thread.run(Unknown Source)
... Removed 22 stack frames]]>
    </failure>
  </testcase> <!-- login -->
  <testcase name="login" time="37.505" classname="AutomationFramework.report_functionality">
    <skipped/>
  </testcase> <!-- login -->
  <testcase name="login" time="35.711" classname="AutomationFramework.report_functionality">
    <skipped/>
  </testcase> <!-- login -->
  <testcase name="login" time="34.617" classname="AutomationFramework.report_functionality">
    <skipped/>
  </testcase> <!-- login -->
  <testcase name="login" time="39.246" classname="AutomationFramework.report_functionality">
    <skipped/>
  </testcase> <!-- login -->
  <testcase name="login" time="41.282" classname="AutomationFramework.report_functionality">
    <failure type="org.openqa.selenium.ElementNotInteractableException" message="Element &amp;lt;button class=&amp;quot;close&amp;quot; type=&amp;quot;button&amp;quot;&amp;gt; could not be scrolled into view
Build info: version: &amp;apos;3.141.59&amp;apos;, revision: &amp;apos;e82be7d358&amp;apos;, time: &amp;apos;2018-11-14T08:25:48&amp;apos;
System info: host: &amp;apos;VIKAS-PC&amp;apos;, ip: &amp;apos;192.168.50.169&amp;apos;, os.name: &amp;apos;Windows 8.1&amp;apos;, os.arch: &amp;apos;amd64&amp;apos;, os.version: &amp;apos;6.3&amp;apos;, java.version: &amp;apos;1.8.0_231&amp;apos;
Driver info: org.openqa.selenium.firefox.FirefoxDriver
Capabilities {acceptInsecureCerts: true, browserName: firefox, browserVersion: 71.0, javascriptEnabled: true, moz:accessibilityChecks: false, moz:buildID: 20191202093317, moz:geckodriverVersion: 0.24.0, moz:headless: false, moz:processID: 19104, moz:profile: C:\Users\vikas.IIIPL\AppDat..., moz:shutdownTimeout: 60000, moz:useNonSpecCompliantPointerOrigin: false, moz:webdriverClick: true, pageLoadStrategy: normal, platform: WINDOWS, platformName: WINDOWS, platformVersion: 6.3, rotatable: false, setWindowRect: true, strictFileInteractability: false, timeouts: {implicit: 0, pageLoad: 300000, script: 30000}, unhandledPromptBehavior: dismiss and notify}
Session ID: ab64dec8-3c1f-45d6-b114-08129bd5ea76">
      <![CDATA[org.openqa.selenium.ElementNotInteractableException: Element <button class="close" type="button"> could not be scrolled into view
Build info: version: '3.141.59', revision: 'e82be7d358', time: '2018-11-14T08:25:48'
System info: host: 'VIKAS-PC', ip: '192.168.50.169', os.name: 'Windows 8.1', os.arch: 'amd64', os.version: '6.3', java.version: '1.8.0_231'
Driver info: org.openqa.selenium.firefox.FirefoxDriver
Capabilities {acceptInsecureCerts: true, browserName: firefox, browserVersion: 71.0, javascriptEnabled: true, moz:accessibilityChecks: false, moz:buildID: 20191202093317, moz:geckodriverVersion: 0.24.0, moz:headless: false, moz:processID: 19104, moz:profile: C:\Users\vikas.IIIPL\AppDat..., moz:shutdownTimeout: 60000, moz:useNonSpecCompliantPointerOrigin: false, moz:webdriverClick: true, pageLoadStrategy: normal, platform: WINDOWS, platformName: WINDOWS, platformVersion: 6.3, rotatable: false, setWindowRect: true, strictFileInteractability: false, timeouts: {implicit: 0, pageLoad: 300000, script: 30000}, unhandledPromptBehavior: dismiss and notify}
Session ID: ab64dec8-3c1f-45d6-b114-08129bd5ea76
at org.openqa.selenium.remote.http.W3CHttpResponseCodec.createException(W3CHttpResponseCodec.java:187)
at org.openqa.selenium.remote.http.W3CHttpResponseCodec.decode(W3CHttpResponseCodec.java:122)
at org.openqa.selenium.remote.http.W3CHttpResponseCodec.decode(W3CHttpResponseCodec.java:49)
at org.openqa.selenium.remote.HttpCommandExecutor.execute(HttpCommandExecutor.java:158)
at org.openqa.selenium.remote.service.DriverCommandExecutor.execute(DriverCommandExecutor.java:83)
at org.openqa.selenium.remote.RemoteWebDriver.execute(RemoteWebDriver.java:552)
at org.openqa.selenium.remote.RemoteWebElement.execute(RemoteWebElement.java:285)
at org.openqa.selenium.remote.RemoteWebElement.click(RemoteWebElement.java:84)
at AutomationFramework.report_functionality.login(report_functionality.java:48)
at java.util.ArrayList.forEach(Unknown Source)
at java.util.concurrent.FutureTask.run(Unknown Source)
at java.util.concurrent.ThreadPoolExecutor.runWorker(Unknown Source)
at java.util.concurrent.ThreadPoolExecutor$Worker.run(Unknown Source)
at java.lang.Thread.run(Unknown Source)
... Removed 21 stack frames]]>
    </failure>
  </testcase> <!-- login -->
  <testcase name="create_debate" time="26.55" classname="AutomationFramework.Debate">
    <skipped/>
  </testcase> <!-- create_debate -->
  <testcase name="create_debate" time="8.004" classname="AutomationFramework.Debate">
    <skipped/>
  </testcase> <!-- create_debate -->
  <testcase name="create_debate" time="8.003" classname="AutomationFramework.Debate">
    <skipped/>
  </testcase> <!-- create_debate -->
  <testcase name="create_debate" time="8.002" classname="AutomationFramework.Debate">
    <skipped/>
  </testcase> <!-- create_debate -->
  <testcase name="create_debate" time="8.004" classname="AutomationFramework.Debate">
    <failure type="org.openqa.selenium.NoSuchSessionException" message="Tried to run command without establishing a connection
Build info: version: &amp;apos;3.141.59&amp;apos;, revision: &amp;apos;e82be7d358&amp;apos;, time: &amp;apos;2018-11-14T08:25:48&amp;apos;
System info: host: &amp;apos;VIKAS-PC&amp;apos;, ip: &amp;apos;192.168.50.169&amp;apos;, os.name: &amp;apos;Windows 8.1&amp;apos;, os.arch: &amp;apos;amd64&amp;apos;, os.version: &amp;apos;6.3&amp;apos;, java.version: &amp;apos;1.8.0_231&amp;apos;
Driver info: org.openqa.selenium.firefox.FirefoxDriver
Capabilities {acceptInsecureCerts: true, browserName: firefox, browserVersion: 71.0, javascriptEnabled: true, moz:accessibilityChecks: false, moz:buildID: 20191202093317, moz:geckodriverVersion: 0.24.0, moz:headless: false, moz:processID: 8404, moz:profile: C:\Users\vikas.IIIPL\AppDat..., moz:shutdownTimeout: 60000, moz:useNonSpecCompliantPointerOrigin: false, moz:webdriverClick: true, pageLoadStrategy: normal, platform: WINDOWS, platformName: WINDOWS, platformVersion: 6.3, rotatable: false, setWindowRect: true, strictFileInteractability: false, timeouts: {implicit: 0, pageLoad: 300000, script: 30000}, unhandledPromptBehavior: dismiss and notify}
Session ID: 2ca30787-4541-402e-bac3-2add8342c4c6
*** Element info: {Using=xpath, value=//*[@id=&amp;quot;createDebate&amp;quot;]/div/div[1]/div[1]/div/textarea}">
      <![CDATA[org.openqa.selenium.NoSuchSessionException: Tried to run command without establishing a connection
Build info: version: '3.141.59', revision: 'e82be7d358', time: '2018-11-14T08:25:48'
System info: host: 'VIKAS-PC', ip: '192.168.50.169', os.name: 'Windows 8.1', os.arch: 'amd64', os.version: '6.3', java.version: '1.8.0_231'
Driver info: org.openqa.selenium.firefox.FirefoxDriver
Capabilities {acceptInsecureCerts: true, browserName: firefox, browserVersion: 71.0, javascriptEnabled: true, moz:accessibilityChecks: false, moz:buildID: 20191202093317, moz:geckodriverVersion: 0.24.0, moz:headless: false, moz:processID: 8404, moz:profile: C:\Users\vikas.IIIPL\AppDat..., moz:shutdownTimeout: 60000, moz:useNonSpecCompliantPointerOrigin: false, moz:webdriverClick: true, pageLoadStrategy: normal, platform: WINDOWS, platformName: WINDOWS, platformVersion: 6.3, rotatable: false, setWindowRect: true, strictFileInteractability: false, timeouts: {implicit: 0, pageLoad: 300000, script: 30000}, unhandledPromptBehavior: dismiss and notify}
Session ID: 2ca30787-4541-402e-bac3-2add8342c4c6
*** Element info: {Using=xpath, value=//*[@id="createDebate"]/div/div[1]/div[1]/div/textarea}
at org.openqa.selenium.remote.http.W3CHttpResponseCodec.createException(W3CHttpResponseCodec.java:187)
at org.openqa.selenium.remote.http.W3CHttpResponseCodec.decode(W3CHttpResponseCodec.java:122)
at org.openqa.selenium.remote.http.W3CHttpResponseCodec.decode(W3CHttpResponseCodec.java:49)
at org.openqa.selenium.remote.HttpCommandExecutor.execute(HttpCommandExecutor.java:158)
at org.openqa.selenium.remote.service.DriverCommandExecutor.execute(DriverCommandExecutor.java:83)
at org.openqa.selenium.remote.RemoteWebDriver.execute(RemoteWebDriver.java:552)
at org.openqa.selenium.remote.RemoteWebDriver.findElement(RemoteWebDriver.java:323)
at org.openqa.selenium.remote.RemoteWebDriver.findElementByXPath(RemoteWebDriver.java:428)
at org.openqa.selenium.By$ByXPath.findElement(By.java:353)
at org.openqa.selenium.remote.RemoteWebDriver.findElement(RemoteWebDriver.java:315)
at AutomationFramework.Debate.create_debate(Debate.java:61)
at java.util.ArrayList.forEach(Unknown Source)
at java.util.concurrent.FutureTask.run(Unknown Source)
at java.util.concurrent.ThreadPoolExecutor.runWorker(Unknown Source)
at java.util.concurrent.ThreadPoolExecutor$Worker.run(Unknown Source)
at java.lang.Thread.run(Unknown Source)
... Removed 22 stack frames]]>
    </failure>
  </testcase> <!-- create_debate -->
  <testcase name="debate_share_on_FB" time="0.0" classname="AutomationFramework.DebateShare">
    <skipped/>
  </testcase> <!-- debate_share_on_FB -->
  <testcase name="add_argument" time="0.0" classname="AutomationFramework.AddArgumentandComments">
    <skipped/>
  </testcase> <!-- add_argument -->
  <testcase name="uploadprofile" time="0.0" classname="AutomationFramework.MyProfile">
    <skipped/>
  </testcase> <!-- uploadprofile -->
  <testcase name="save_blankfields_on_settings_page" time="0.0" classname="AutomationFramework.SettingPage">
    <skipped/>
  </testcase> <!-- save_blankfields_on_settings_page -->
  <testcase name="check_votepopup_socaillink" time="0.0" classname="AutomationFramework.Voting_functionality">
    <skipped/>
  </testcase> <!-- check_votepopup_socaillink -->
  <testcase name="check_reportpopup_blankfields" time="0.0" classname="AutomationFramework.report_functionality">
    <skipped/>
  </testcase> <!-- check_reportpopup_blankfields -->
  <testcase name="debate_share_on_twitter" time="0.0" classname="AutomationFramework.DebateShare">
    <skipped/>
  </testcase> <!-- debate_share_on_twitter -->
  <testcase name="invite_friends" time="0.0" classname="AutomationFramework.AddArgumentandComments">
    <skipped/>
  </testcase> <!-- invite_friends -->
  <testcase name="uploadcoverimage" time="0.0" classname="AutomationFramework.MyProfile">
    <skipped/>
  </testcase> <!-- uploadcoverimage -->
  <testcase name="Namelimit_on_settings_page" time="0.0" classname="AutomationFramework.SettingPage">
    <skipped/>
  </testcase> <!-- Namelimit_on_settings_page -->
  <testcase name="post_argument_from_votepopup" time="0.0" classname="AutomationFramework.Voting_functionality">
    <skipped/>
  </testcase> <!-- post_argument_from_votepopup -->
  <testcase name="report_debate" time="0.0" classname="AutomationFramework.report_functionality">
    <skipped/>
  </testcase> <!-- report_debate -->
  <testcase name="debate_share_on_linkedin" time="0.0" classname="AutomationFramework.DebateShare">
    <skipped/>
  </testcase> <!-- debate_share_on_linkedin -->
  <testcase name="add_comment" time="0.0" classname="AutomationFramework.AddArgumentandComments">
    <skipped/>
  </testcase> <!-- add_comment -->
  <testcase name="UserNamelimit_on_settings_page" time="0.0" classname="AutomationFramework.SettingPage">
    <skipped/>
  </testcase> <!-- UserNamelimit_on_settings_page -->
  <testcase name="check_votepopup_closebutton" time="0.0" classname="AutomationFramework.Voting_functionality">
    <skipped/>
  </testcase> <!-- check_votepopup_closebutton -->
  <testcase name="report_argument" time="0.0" classname="AutomationFramework.report_functionality">
    <skipped/>
  </testcase> <!-- report_argument -->
  <testcase name="username_validation_on_settings_page" time="0.0" classname="AutomationFramework.SettingPage">
    <skipped/>
  </testcase> <!-- username_validation_on_settings_page -->
  <testcase name="email_validation_on_settings_page" time="0.0" classname="AutomationFramework.SettingPage">
    <skipped/>
  </testcase> <!-- email_validation_on_settings_page -->
  <testcase name="incorrect_oldpassword_on_settings_page" time="0.0" classname="AutomationFramework.SettingPage">
    <skipped/>
  </testcase> <!-- incorrect_oldpassword_on_settings_page -->
  <testcase name="password_limit_on_settings_page" time="0.0" classname="AutomationFramework.SettingPage">
    <skipped/>
  </testcase> <!-- password_limit_on_settings_page -->
  <testcase name="mismatch_passwords_on_settings_page" time="0.0" classname="AutomationFramework.SettingPage">
    <skipped/>
  </testcase> <!-- mismatch_passwords_on_settings_page -->
  <testcase name="valid_password_on_settings_page" time="0.0" classname="AutomationFramework.SettingPage">
    <skipped/>
  </testcase> <!-- valid_password_on_settings_page -->
  <testcase name="reset_password_on_settings_page" time="0.0" classname="AutomationFramework.SettingPage">
    <skipped/>
  </testcase> <!-- reset_password_on_settings_page -->
</testsuite> <!-- firefox -->
